<?xml version="1.0" encoding="UTF-8"?>
<coverage generated="1550631293457" clover="3.2.0">
  <project timestamp="1550631293458" name="All files">
    <metrics statements="258" coveredstatements="258" conditionals="58" coveredconditionals="58" methods="109" coveredmethods="109" elements="425" coveredelements="425" complexity="0" loc="258" ncloc="258" packages="13" files="21" classes="21">
      <package name="actions">
        <metrics statements="8" coveredstatements="8" conditionals="0" coveredconditionals="0" methods="8" coveredmethods="8"/>
        <file name="index.js" path="/Users/whitneyburton/Documents/turing/mod3/trapper-keeper-project/trapper-keeper/src/actions/index.js">
          <metrics statements="8" coveredstatements="8" conditionals="0" coveredconditionals="0" methods="8" coveredmethods="8"/>
          <line num="1" count="21" type="stmt"/>
          <line num="6" count="21" type="stmt"/>
          <line num="11" count="21" type="stmt"/>
          <line num="16" count="21" type="stmt"/>
          <line num="21" count="63" type="stmt"/>
          <line num="26" count="21" type="stmt"/>
          <line num="31" count="29" type="stmt"/>
          <line num="36" count="21" type="stmt"/>
        </file>
      </package>
      <package name="components.CompleteItem">
        <metrics statements="6" coveredstatements="6" conditionals="0" coveredconditionals="0" methods="3" coveredmethods="3"/>
        <file name="CompleteItem.js" path="/Users/whitneyburton/Documents/turing/mod3/trapper-keeper-project/trapper-keeper/src/components/CompleteItem/CompleteItem.js">
          <metrics statements="6" coveredstatements="6" conditionals="0" coveredconditionals="0" methods="3" coveredmethods="3"/>
          <line num="6" count="3" type="stmt"/>
          <line num="7" count="4" type="stmt"/>
          <line num="8" count="4" type="stmt"/>
          <line num="13" count="1" type="stmt"/>
          <line num="20" count="1" type="stmt"/>
          <line num="27" count="3" type="stmt"/>
        </file>
      </package>
      <package name="components.Error404">
        <metrics statements="2" coveredstatements="2" conditionals="0" coveredconditionals="0" methods="1" coveredmethods="1"/>
        <file name="Error404.js" path="/Users/whitneyburton/Documents/turing/mod3/trapper-keeper-project/trapper-keeper/src/components/Error404/Error404.js">
          <metrics statements="2" coveredstatements="2" conditionals="0" coveredconditionals="0" methods="1" coveredmethods="1"/>
          <line num="4" count="2" type="stmt"/>
          <line num="5" count="2" type="stmt"/>
        </file>
      </package>
      <package name="components.IncompleteItem">
        <metrics statements="6" coveredstatements="6" conditionals="0" coveredconditionals="0" methods="3" coveredmethods="3"/>
        <file name="IncompleteItem.js" path="/Users/whitneyburton/Documents/turing/mod3/trapper-keeper-project/trapper-keeper/src/components/IncompleteItem/IncompleteItem.js">
          <metrics statements="6" coveredstatements="6" conditionals="0" coveredconditionals="0" methods="3" coveredmethods="3"/>
          <line num="6" count="3" type="stmt"/>
          <line num="7" count="5" type="stmt"/>
          <line num="8" count="5" type="stmt"/>
          <line num="13" count="1" type="stmt"/>
          <line num="26" count="1" type="stmt"/>
          <line num="33" count="3" type="stmt"/>
        </file>
      </package>
      <package name="components.Loader">
        <metrics statements="2" coveredstatements="2" conditionals="0" coveredconditionals="0" methods="1" coveredmethods="1"/>
        <file name="Loader.js" path="/Users/whitneyburton/Documents/turing/mod3/trapper-keeper-project/trapper-keeper/src/components/Loader/Loader.js">
          <metrics statements="2" coveredstatements="2" conditionals="0" coveredconditionals="0" methods="1" coveredmethods="1"/>
          <line num="3" count="2" type="stmt"/>
          <line num="5" count="1" type="stmt"/>
        </file>
      </package>
      <package name="containers.App">
        <metrics statements="11" coveredstatements="11" conditionals="4" coveredconditionals="4" methods="8" coveredmethods="8"/>
        <file name="App.js" path="/Users/whitneyburton/Documents/turing/mod3/trapper-keeper-project/trapper-keeper/src/containers/App/App.js">
          <metrics statements="11" coveredstatements="11" conditionals="4" coveredconditionals="4" methods="8" coveredmethods="8"/>
          <line num="15" count="9" type="stmt"/>
          <line num="19" count="2" type="stmt"/>
          <line num="20" count="2" type="stmt"/>
          <line num="21" count="5" type="stmt"/>
          <line num="22" count="2" type="cond" truecount="2" falsecount="0"/>
          <line num="31" count="1" type="stmt"/>
          <line num="38" count="8" type="stmt"/>
          <line num="59" count="1" type="stmt"/>
          <line num="65" count="1" type="stmt"/>
          <line num="66" count="1" type="stmt"/>
          <line num="71" count="1" type="stmt"/>
        </file>
      </package>
      <package name="containers.NoteCard">
        <metrics statements="42" coveredstatements="42" conditionals="4" coveredconditionals="4" methods="21" coveredmethods="21"/>
        <file name="NoteCard.js" path="/Users/whitneyburton/Documents/turing/mod3/trapper-keeper-project/trapper-keeper/src/containers/NoteCard/NoteCard.js">
          <metrics statements="42" coveredstatements="42" conditionals="4" coveredconditionals="4" methods="21" coveredmethods="21"/>
          <line num="16" count="22" type="stmt"/>
          <line num="17" count="55" type="stmt"/>
          <line num="18" count="22" type="stmt"/>
          <line num="20" count="22" type="stmt"/>
          <line num="21" count="22" type="stmt"/>
          <line num="27" count="1" type="stmt"/>
          <line num="37" count="22" type="stmt"/>
          <line num="38" count="55" type="stmt"/>
          <line num="39" count="22" type="stmt"/>
          <line num="41" count="33" type="stmt"/>
          <line num="42" count="33" type="stmt"/>
          <line num="48" count="1" type="stmt"/>
          <line num="58" count="3" type="stmt"/>
          <line num="59" count="3" type="stmt"/>
          <line num="60" count="6" type="stmt"/>
          <line num="61" count="6" type="cond" truecount="2" falsecount="0"/>
          <line num="63" count="3" type="stmt"/>
          <line num="64" count="3" type="stmt"/>
          <line num="68" count="2" type="stmt"/>
          <line num="69" count="2" type="stmt"/>
          <line num="70" count="2" type="stmt"/>
          <line num="74" count="1" type="stmt"/>
          <line num="78" count="1" type="stmt"/>
          <line num="79" count="1" type="stmt"/>
          <line num="80" count="1" type="stmt"/>
          <line num="81" count="1" type="stmt"/>
          <line num="82" count="1" type="stmt"/>
          <line num="83" count="1" type="stmt"/>
          <line num="87" count="21" type="stmt"/>
          <line num="88" count="21" type="stmt"/>
          <line num="92" count="21" type="cond" truecount="2" falsecount="0"/>
          <line num="93" count="1" type="stmt"/>
          <line num="94" count="1" type="stmt"/>
          <line num="96" count="21" type="stmt"/>
          <line num="100" count="1" type="stmt"/>
          <line num="126" count="3" type="stmt"/>
          <line num="130" count="3" type="stmt"/>
          <line num="131" count="1" type="stmt"/>
          <line num="132" count="1" type="stmt"/>
          <line num="133" count="1" type="stmt"/>
          <line num="134" count="1" type="stmt"/>
          <line num="139" count="3" type="stmt"/>
        </file>
      </package>
      <package name="containers.NoteContainer">
        <metrics statements="20" coveredstatements="20" conditionals="8" coveredconditionals="8" methods="7" coveredmethods="7"/>
        <file name="NoteContainer.js" path="/Users/whitneyburton/Documents/turing/mod3/trapper-keeper-project/trapper-keeper/src/containers/NoteContainer/NoteContainer.js">
          <metrics statements="20" coveredstatements="20" conditionals="8" coveredconditionals="8" methods="7" coveredmethods="7"/>
          <line num="11" count="2" type="stmt"/>
          <line num="21" count="2" type="stmt"/>
          <line num="25" count="10" type="stmt"/>
          <line num="26" count="10" type="cond" truecount="2" falsecount="0"/>
          <line num="27" count="2" type="stmt"/>
          <line num="28" count="8" type="cond" truecount="2" falsecount="0"/>
          <line num="30" count="10" type="stmt"/>
          <line num="34" count="8" type="stmt"/>
          <line num="38" count="8" type="stmt"/>
          <line num="40" count="8" type="stmt"/>
          <line num="42" count="8" type="stmt"/>
          <line num="43" count="25" type="stmt"/>
          <line num="46" count="8" type="stmt"/>
          <line num="54" count="8" type="cond" truecount="2" falsecount="0"/>
          <line num="56" count="8" type="cond" truecount="2" falsecount="0"/>
          <line num="57" count="1" type="stmt"/>
          <line num="58" count="1" type="stmt"/>
          <line num="61" count="8" type="stmt"/>
          <line num="85" count="2" type="stmt"/>
          <line num="92" count="2" type="stmt"/>
        </file>
      </package>
      <package name="containers.NoteForm">
        <metrics statements="67" coveredstatements="67" conditionals="19" coveredconditionals="19" methods="34" coveredmethods="34"/>
        <file name="NoteForm.js" path="/Users/whitneyburton/Documents/turing/mod3/trapper-keeper-project/trapper-keeper/src/containers/NoteForm/NoteForm.js">
          <metrics statements="67" coveredstatements="67" conditionals="19" coveredconditionals="19" methods="34" coveredmethods="34"/>
          <line num="16" count="57" type="stmt"/>
          <line num="17" count="57" type="stmt"/>
          <line num="27" count="57" type="stmt"/>
          <line num="28" count="57" type="stmt"/>
          <line num="29" count="57" type="stmt"/>
          <line num="30" count="57" type="cond" truecount="2" falsecount="0"/>
          <line num="31" count="29" type="stmt"/>
          <line num="36" count="1" type="stmt"/>
          <line num="37" count="1" type="stmt"/>
          <line num="40" count="2" type="stmt"/>
          <line num="47" count="2" type="stmt"/>
          <line num="48" count="4" type="cond" truecount="2" falsecount="0"/>
          <line num="53" count="97" type="stmt"/>
          <line num="54" count="97" type="stmt"/>
          <line num="55" count="97" type="stmt"/>
          <line num="56" count="40" type="stmt"/>
          <line num="71" count="97" type="stmt"/>
          <line num="72" count="97" type="stmt"/>
          <line num="73" count="97" type="stmt"/>
          <line num="74" count="39" type="stmt"/>
          <line num="87" count="97" type="stmt"/>
          <line num="97" count="97" type="stmt"/>
          <line num="101" count="1" type="stmt"/>
          <line num="107" count="2" type="stmt"/>
          <line num="108" count="2" type="stmt"/>
          <line num="109" count="3" type="stmt"/>
          <line num="111" count="2" type="cond" truecount="2" falsecount="0"/>
          <line num="112" count="1" type="stmt"/>
          <line num="114" count="1" type="stmt"/>
          <line num="116" count="2" type="stmt"/>
          <line num="120" count="1" type="stmt"/>
          <line num="121" count="1" type="stmt"/>
          <line num="122" count="1" type="stmt"/>
          <line num="126" count="1" type="stmt"/>
          <line num="127" count="1" type="stmt"/>
          <line num="128" count="2" type="stmt"/>
          <line num="129" count="2" type="cond" truecount="2" falsecount="0"/>
          <line num="131" count="1" type="stmt"/>
          <line num="135" count="1" type="stmt"/>
          <line num="136" count="2" type="stmt"/>
          <line num="137" count="1" type="stmt"/>
          <line num="141" count="1" type="cond" truecount="2" falsecount="0"/>
          <line num="145" count="1" type="stmt"/>
          <line num="146" count="1" type="stmt"/>
          <line num="147" count="1" type="stmt"/>
          <line num="151" count="2" type="stmt"/>
          <line num="152" count="2" type="stmt"/>
          <line num="153" count="2" type="stmt"/>
          <line num="154" count="2" type="cond" truecount="2" falsecount="0"/>
          <line num="155" count="1" type="stmt"/>
          <line num="157" count="1" type="stmt"/>
          <line num="162" count="1" type="stmt"/>
          <line num="163" count="1" type="stmt"/>
          <line num="167" count="96" type="stmt"/>
          <line num="168" count="96" type="stmt"/>
          <line num="169" count="96" type="stmt"/>
          <line num="170" count="96" type="stmt"/>
          <line num="171" count="96" type="stmt"/>
          <line num="172" count="768" type="stmt"/>
          <line num="175" count="96" type="stmt"/>
          <line num="211" count="2" type="stmt"/>
          <line num="215" count="4" type="stmt"/>
          <line num="216" count="1" type="stmt"/>
          <line num="217" count="1" type="stmt"/>
          <line num="218" count="1" type="stmt"/>
          <line num="219" count="1" type="stmt"/>
          <line num="224" count="2" type="stmt"/>
        </file>
      </package>
      <package name="containers.SearchBar">
        <metrics statements="7" coveredstatements="7" conditionals="0" coveredconditionals="0" methods="4" coveredmethods="4"/>
        <file name="SearchBar.js" path="/Users/whitneyburton/Documents/turing/mod3/trapper-keeper-project/trapper-keeper/src/containers/SearchBar/SearchBar.js">
          <metrics statements="7" coveredstatements="7" conditionals="0" coveredconditionals="0" methods="4" coveredmethods="4"/>
          <line num="8" count="1" type="stmt"/>
          <line num="9" count="1" type="stmt"/>
          <line num="10" count="1" type="stmt"/>
          <line num="14" count="3" type="stmt"/>
          <line num="23" count="2" type="stmt"/>
          <line num="24" count="1" type="stmt"/>
          <line num="29" count="2" type="stmt"/>
        </file>
      </package>
      <package name="reducers">
        <metrics statements="25" coveredstatements="25" conditionals="20" coveredconditionals="20" methods="7" coveredmethods="7"/>
        <file name="errorReducer.js" path="/Users/whitneyburton/Documents/turing/mod3/trapper-keeper-project/trapper-keeper/src/reducers/errorReducer.js">
          <metrics statements="4" coveredstatements="4" conditionals="3" coveredconditionals="3" methods="1" coveredmethods="1"/>
          <line num="1" count="2" type="cond" truecount="1" falsecount="0"/>
          <line num="2" count="5" type="cond" truecount="2" falsecount="0"/>
          <line num="4" count="1" type="stmt"/>
          <line num="6" count="4" type="stmt"/>
        </file>
        <file name="isLoadingReducer.js" path="/Users/whitneyburton/Documents/turing/mod3/trapper-keeper-project/trapper-keeper/src/reducers/isLoadingReducer.js">
          <metrics statements="4" coveredstatements="4" conditionals="3" coveredconditionals="3" methods="1" coveredmethods="1"/>
          <line num="1" count="2" type="cond" truecount="1" falsecount="0"/>
          <line num="2" count="5" type="cond" truecount="2" falsecount="0"/>
          <line num="4" count="1" type="stmt"/>
          <line num="6" count="4" type="stmt"/>
        </file>
        <file name="notesReducer.js" path="/Users/whitneyburton/Documents/turing/mod3/trapper-keeper-project/trapper-keeper/src/reducers/notesReducer.js">
          <metrics statements="9" coveredstatements="9" conditionals="8" coveredconditionals="8" methods="3" coveredmethods="3"/>
          <line num="1" count="2" type="cond" truecount="1" falsecount="0"/>
          <line num="2" count="8" type="cond" truecount="5" falsecount="0"/>
          <line num="4" count="1" type="stmt"/>
          <line num="6" count="1" type="stmt"/>
          <line num="8" count="1" type="stmt"/>
          <line num="9" count="4" type="stmt"/>
          <line num="10" count="4" type="cond" truecount="2" falsecount="0"/>
          <line num="13" count="4" type="stmt"/>
          <line num="15" count="4" type="stmt"/>
        </file>
        <file name="queryReducer.js" path="/Users/whitneyburton/Documents/turing/mod3/trapper-keeper-project/trapper-keeper/src/reducers/queryReducer.js">
          <metrics statements="4" coveredstatements="4" conditionals="3" coveredconditionals="3" methods="1" coveredmethods="1"/>
          <line num="1" count="2" type="cond" truecount="1" falsecount="0"/>
          <line num="2" count="5" type="cond" truecount="2" falsecount="0"/>
          <line num="4" count="1" type="stmt"/>
          <line num="6" count="4" type="stmt"/>
        </file>
        <file name="statusReducer.js" path="/Users/whitneyburton/Documents/turing/mod3/trapper-keeper-project/trapper-keeper/src/reducers/statusReducer.js">
          <metrics statements="4" coveredstatements="4" conditionals="3" coveredconditionals="3" methods="1" coveredmethods="1"/>
          <line num="1" count="2" type="cond" truecount="1" falsecount="0"/>
          <line num="2" count="5" type="cond" truecount="2" falsecount="0"/>
          <line num="4" count="1" type="stmt"/>
          <line num="6" count="4" type="stmt"/>
        </file>
      </package>
      <package name="thunks">
        <metrics statements="55" coveredstatements="55" conditionals="0" coveredconditionals="0" methods="10" coveredmethods="10"/>
        <file name="deleteNoteThunk.js" path="/Users/whitneyburton/Documents/turing/mod3/trapper-keeper-project/trapper-keeper/src/thunks/deleteNoteThunk.js">
          <metrics statements="11" coveredstatements="11" conditionals="0" coveredconditionals="0" methods="2" coveredmethods="2"/>
          <line num="4" count="3" type="stmt"/>
          <line num="5" count="5" type="stmt"/>
          <line num="6" count="5" type="stmt"/>
          <line num="7" count="5" type="stmt"/>
          <line num="8" count="5" type="stmt"/>
          <line num="9" count="5" type="stmt"/>
          <line num="10" count="5" type="stmt"/>
          <line num="11" count="4" type="stmt"/>
          <line num="12" count="4" type="stmt"/>
          <line num="13" count="4" type="stmt"/>
          <line num="15" count="1" type="stmt"/>
        </file>
        <file name="fetchNotes.js" path="/Users/whitneyburton/Documents/turing/mod3/trapper-keeper-project/trapper-keeper/src/thunks/fetchNotes.js">
          <metrics statements="8" coveredstatements="8" conditionals="0" coveredconditionals="0" methods="2" coveredmethods="2"/>
          <line num="4" count="2" type="stmt"/>
          <line num="5" count="1" type="stmt"/>
          <line num="6" count="5" type="stmt"/>
          <line num="7" count="5" type="stmt"/>
          <line num="8" count="5" type="stmt"/>
          <line num="9" count="4" type="stmt"/>
          <line num="10" count="4" type="stmt"/>
          <line num="12" count="1" type="stmt"/>
        </file>
        <file name="postNote.js" path="/Users/whitneyburton/Documents/turing/mod3/trapper-keeper-project/trapper-keeper/src/thunks/postNote.js">
          <metrics statements="13" coveredstatements="13" conditionals="0" coveredconditionals="0" methods="2" coveredmethods="2"/>
          <line num="4" count="3" type="stmt"/>
          <line num="5" count="1" type="stmt"/>
          <line num="6" count="6" type="stmt"/>
          <line num="7" count="6" type="stmt"/>
          <line num="8" count="6" type="stmt"/>
          <line num="9" count="6" type="stmt"/>
          <line num="10" count="6" type="stmt"/>
          <line num="11" count="6" type="stmt"/>
          <line num="12" count="5" type="stmt"/>
          <line num="13" count="5" type="stmt"/>
          <line num="14" count="5" type="stmt"/>
          <line num="15" count="5" type="stmt"/>
          <line num="17" count="1" type="stmt"/>
        </file>
        <file name="putAllNotes.js" path="/Users/whitneyburton/Documents/turing/mod3/trapper-keeper-project/trapper-keeper/src/thunks/putAllNotes.js">
          <metrics statements="11" coveredstatements="11" conditionals="0" coveredconditionals="0" methods="2" coveredmethods="2"/>
          <line num="4" count="4" type="stmt"/>
          <line num="5" count="1" type="stmt"/>
          <line num="6" count="6" type="stmt"/>
          <line num="7" count="6" type="stmt"/>
          <line num="8" count="6" type="stmt"/>
          <line num="9" count="6" type="stmt"/>
          <line num="10" count="6" type="stmt"/>
          <line num="11" count="5" type="stmt"/>
          <line num="12" count="5" type="stmt"/>
          <line num="13" count="5" type="stmt"/>
          <line num="15" count="1" type="stmt"/>
        </file>
        <file name="putNote.js" path="/Users/whitneyburton/Documents/turing/mod3/trapper-keeper-project/trapper-keeper/src/thunks/putNote.js">
          <metrics statements="12" coveredstatements="12" conditionals="0" coveredconditionals="0" methods="2" coveredmethods="2"/>
          <line num="4" count="5" type="stmt"/>
          <line num="5" count="1" type="stmt"/>
          <line num="6" count="6" type="stmt"/>
          <line num="7" count="6" type="stmt"/>
          <line num="8" count="6" type="stmt"/>
          <line num="9" count="6" type="stmt"/>
          <line num="10" count="6" type="stmt"/>
          <line num="11" count="6" type="stmt"/>
          <line num="12" count="5" type="stmt"/>
          <line num="13" count="5" type="stmt"/>
          <line num="14" count="5" type="stmt"/>
          <line num="16" count="1" type="stmt"/>
        </file>
      </package>
      <package name="utils">
        <metrics statements="7" coveredstatements="7" conditionals="3" coveredconditionals="3" methods="2" coveredmethods="2"/>
        <file name="api.js" path="/Users/whitneyburton/Documents/turing/mod3/trapper-keeper-project/trapper-keeper/src/utils/api.js">
          <metrics statements="7" coveredstatements="7" conditionals="3" coveredconditionals="3" methods="2" coveredmethods="2"/>
          <line num="1" count="13" type="cond" truecount="1" falsecount="0"/>
          <line num="2" count="4" type="stmt"/>
          <line num="3" count="4" type="cond" truecount="2" falsecount="0"/>
          <line num="4" count="1" type="stmt"/>
          <line num="5" count="1" type="stmt"/>
          <line num="7" count="3" type="stmt"/>
          <line num="10" count="13" type="stmt"/>
        </file>
      </package>
    </metrics>
  </project>
</coverage>
