{"/Users/whitneyburton/Documents/turing/mod3/trapper-keeper-project/trapper-keeper/src/actions/index.js": {"path":"/Users/whitneyburton/Documents/turing/mod3/trapper-keeper-project/trapper-keeper/src/actions/index.js","statementMap":{"0":{"start":{"line":1,"column":24},"end":{"line":4,"column":2}},"1":{"start":{"line":1,"column":36},"end":{"line":4,"column":1}},"2":{"start":{"line":6,"column":23},"end":{"line":9,"column":2}},"3":{"start":{"line":6,"column":34},"end":{"line":9,"column":1}},"4":{"start":{"line":11,"column":26},"end":{"line":14,"column":2}},"5":{"start":{"line":11,"column":37},"end":{"line":14,"column":1}},"6":{"start":{"line":16,"column":26},"end":{"line":19,"column":2}},"7":{"start":{"line":16,"column":35},"end":{"line":19,"column":1}},"8":{"start":{"line":21,"column":29},"end":{"line":24,"column":2}},"9":{"start":{"line":21,"column":40},"end":{"line":24,"column":1}},"10":{"start":{"line":26,"column":24},"end":{"line":29,"column":2}},"11":{"start":{"line":26,"column":38},"end":{"line":29,"column":1}},"12":{"start":{"line":31,"column":25},"end":{"line":34,"column":2}},"13":{"start":{"line":31,"column":36},"end":{"line":34,"column":1}},"14":{"start":{"line":36,"column":24},"end":{"line":39,"column":2}},"15":{"start":{"line":36,"column":36},"end":{"line":39,"column":1}}},"fnMap":{"0":{"name":"(anonymous_0)","decl":{"start":{"line":1,"column":24},"end":{"line":1,"column":25}},"loc":{"start":{"line":1,"column":36},"end":{"line":4,"column":1}},"line":1},"1":{"name":"(anonymous_1)","decl":{"start":{"line":6,"column":23},"end":{"line":6,"column":24}},"loc":{"start":{"line":6,"column":34},"end":{"line":9,"column":1}},"line":6},"2":{"name":"(anonymous_2)","decl":{"start":{"line":11,"column":26},"end":{"line":11,"column":27}},"loc":{"start":{"line":11,"column":37},"end":{"line":14,"column":1}},"line":11},"3":{"name":"(anonymous_3)","decl":{"start":{"line":16,"column":26},"end":{"line":16,"column":27}},"loc":{"start":{"line":16,"column":35},"end":{"line":19,"column":1}},"line":16},"4":{"name":"(anonymous_4)","decl":{"start":{"line":21,"column":29},"end":{"line":21,"column":30}},"loc":{"start":{"line":21,"column":40},"end":{"line":24,"column":1}},"line":21},"5":{"name":"(anonymous_5)","decl":{"start":{"line":26,"column":24},"end":{"line":26,"column":25}},"loc":{"start":{"line":26,"column":38},"end":{"line":29,"column":1}},"line":26},"6":{"name":"(anonymous_6)","decl":{"start":{"line":31,"column":25},"end":{"line":31,"column":26}},"loc":{"start":{"line":31,"column":36},"end":{"line":34,"column":1}},"line":31},"7":{"name":"(anonymous_7)","decl":{"start":{"line":36,"column":24},"end":{"line":36,"column":25}},"loc":{"start":{"line":36,"column":36},"end":{"line":39,"column":1}},"line":36}},"branchMap":{},"s":{"0":21,"1":13,"2":21,"3":8,"4":21,"5":8,"6":21,"7":7,"8":21,"9":63,"10":21,"11":12,"12":21,"13":29,"14":21,"15":4},"f":{"0":13,"1":8,"2":8,"3":7,"4":63,"5":12,"6":29,"7":4},"b":{},"_coverageSchema":"332fd63041d2c1bcb487cc26dd0d5f7d97098a6c","hash":"f0a926fc8054bb08e4c0428ea46b1b945618f7ca"}
,"/Users/whitneyburton/Documents/turing/mod3/trapper-keeper-project/trapper-keeper/src/components/CompleteItem/CompleteItem.js": {"path":"/Users/whitneyburton/Documents/turing/mod3/trapper-keeper-project/trapper-keeper/src/components/CompleteItem/CompleteItem.js","statementMap":{"0":{"start":{"line":6,"column":21},"end":{"line":25,"column":1}},"1":{"start":{"line":7,"column":30},"end":{"line":7,"column":35}},"2":{"start":{"line":8,"column":2},"end":{"line":24,"column":3}},"3":{"start":{"line":13,"column":23},"end":{"line":13,"column":47}},"4":{"start":{"line":20,"column":23},"end":{"line":20,"column":49}},"5":{"start":{"line":27,"column":0},"end":{"line":32,"column":1}}},"fnMap":{"0":{"name":"(anonymous_0)","decl":{"start":{"line":6,"column":21},"end":{"line":6,"column":22}},"loc":{"start":{"line":6,"column":32},"end":{"line":25,"column":1}},"line":6},"1":{"name":"(anonymous_1)","decl":{"start":{"line":13,"column":17},"end":{"line":13,"column":18}},"loc":{"start":{"line":13,"column":23},"end":{"line":13,"column":47}},"line":13},"2":{"name":"(anonymous_2)","decl":{"start":{"line":20,"column":17},"end":{"line":20,"column":18}},"loc":{"start":{"line":20,"column":23},"end":{"line":20,"column":49}},"line":20}},"branchMap":{},"s":{"0":3,"1":4,"2":4,"3":1,"4":1,"5":3},"f":{"0":4,"1":1,"2":1},"b":{},"_coverageSchema":"332fd63041d2c1bcb487cc26dd0d5f7d97098a6c","hash":"e6896004f9ef01dc88103916ecd3832d9071d9f1"}
,"/Users/whitneyburton/Documents/turing/mod3/trapper-keeper-project/trapper-keeper/src/components/Error404/Error404.js": {"path":"/Users/whitneyburton/Documents/turing/mod3/trapper-keeper-project/trapper-keeper/src/components/Error404/Error404.js","statementMap":{"0":{"start":{"line":4,"column":17},"end":{"line":11,"column":1}},"1":{"start":{"line":5,"column":2},"end":{"line":10,"column":3}}},"fnMap":{"0":{"name":"(anonymous_0)","decl":{"start":{"line":4,"column":17},"end":{"line":4,"column":18}},"loc":{"start":{"line":4,"column":23},"end":{"line":11,"column":1}},"line":4}},"branchMap":{},"s":{"0":2,"1":2},"f":{"0":2},"b":{},"_coverageSchema":"332fd63041d2c1bcb487cc26dd0d5f7d97098a6c","hash":"51b5e6f261edf0bd9e44d1a92a79e0c3130b0da4"}
,"/Users/whitneyburton/Documents/turing/mod3/trapper-keeper-project/trapper-keeper/src/components/IncompleteItem/IncompleteItem.js": {"path":"/Users/whitneyburton/Documents/turing/mod3/trapper-keeper-project/trapper-keeper/src/components/IncompleteItem/IncompleteItem.js","statementMap":{"0":{"start":{"line":6,"column":23},"end":{"line":31,"column":1}},"1":{"start":{"line":7,"column":49},"end":{"line":7,"column":54}},"2":{"start":{"line":8,"column":2},"end":{"line":30,"column":3}},"3":{"start":{"line":13,"column":23},"end":{"line":13,"column":47}},"4":{"start":{"line":26,"column":23},"end":{"line":26,"column":49}},"5":{"start":{"line":33,"column":0},"end":{"line":40,"column":1}}},"fnMap":{"0":{"name":"(anonymous_0)","decl":{"start":{"line":6,"column":23},"end":{"line":6,"column":24}},"loc":{"start":{"line":6,"column":34},"end":{"line":31,"column":1}},"line":6},"1":{"name":"(anonymous_1)","decl":{"start":{"line":13,"column":17},"end":{"line":13,"column":18}},"loc":{"start":{"line":13,"column":23},"end":{"line":13,"column":47}},"line":13},"2":{"name":"(anonymous_2)","decl":{"start":{"line":26,"column":17},"end":{"line":26,"column":18}},"loc":{"start":{"line":26,"column":23},"end":{"line":26,"column":49}},"line":26}},"branchMap":{},"s":{"0":3,"1":5,"2":5,"3":1,"4":1,"5":3},"f":{"0":5,"1":1,"2":1},"b":{},"_coverageSchema":"332fd63041d2c1bcb487cc26dd0d5f7d97098a6c","hash":"0b56d087cd3771826f554d4e291fb00302735665"}
,"/Users/whitneyburton/Documents/turing/mod3/trapper-keeper-project/trapper-keeper/src/components/Loader/Loader.js": {"path":"/Users/whitneyburton/Documents/turing/mod3/trapper-keeper-project/trapper-keeper/src/components/Loader/Loader.js","statementMap":{"0":{"start":{"line":3,"column":15},"end":{"line":10,"column":1}},"1":{"start":{"line":5,"column":2},"end":{"line":9,"column":3}}},"fnMap":{"0":{"name":"(anonymous_0)","decl":{"start":{"line":3,"column":15},"end":{"line":3,"column":16}},"loc":{"start":{"line":3,"column":21},"end":{"line":10,"column":1}},"line":3}},"branchMap":{},"s":{"0":2,"1":1},"f":{"0":1},"b":{},"_coverageSchema":"332fd63041d2c1bcb487cc26dd0d5f7d97098a6c","hash":"2e72f4e06377af24d55c706d15da84585f4d700b"}
,"/Users/whitneyburton/Documents/turing/mod3/trapper-keeper-project/trapper-keeper/src/containers/App/App.js": {"path":"/Users/whitneyburton/Documents/turing/mod3/trapper-keeper-project/trapper-keeper/src/containers/App/App.js","statementMap":{"0":{"start":{"line":15,"column":4},"end":{"line":15,"column":28}},"1":{"start":{"line":19,"column":22},"end":{"line":19,"column":32}},"2":{"start":{"line":20,"column":19},"end":{"line":20,"column":31}},"3":{"start":{"line":21,"column":24},"end":{"line":21,"column":58}},"4":{"start":{"line":21,"column":43},"end":{"line":21,"column":57}},"5":{"start":{"line":22,"column":4},"end":{"line":27,"column":21}},"6":{"start":{"line":31,"column":4},"end":{"line":34,"column":5}},"7":{"start":{"line":38,"column":4},"end":{"line":55,"column":6}},"8":{"start":{"line":59,"column":31},"end":{"line":63,"column":2}},"9":{"start":{"line":59,"column":43},"end":{"line":63,"column":1}},"10":{"start":{"line":65,"column":34},"end":{"line":67,"column":2}},"11":{"start":{"line":65,"column":49},"end":{"line":67,"column":1}},"12":{"start":{"line":66,"column":20},"end":{"line":66,"column":42}},"13":{"start":{"line":71,"column":0},"end":{"line":76,"column":1}}},"fnMap":{"0":{"name":"(anonymous_0)","decl":{"start":{"line":14,"column":22},"end":{"line":14,"column":23}},"loc":{"start":{"line":14,"column":28},"end":{"line":16,"column":3}},"line":14},"1":{"name":"(anonymous_1)","decl":{"start":{"line":18,"column":18},"end":{"line":18,"column":19}},"loc":{"start":{"line":18,"column":33},"end":{"line":28,"column":3}},"line":18},"2":{"name":"(anonymous_2)","decl":{"start":{"line":21,"column":35},"end":{"line":21,"column":36}},"loc":{"start":{"line":21,"column":43},"end":{"line":21,"column":57}},"line":21},"3":{"name":"(anonymous_3)","decl":{"start":{"line":30,"column":20},"end":{"line":30,"column":21}},"loc":{"start":{"line":30,"column":35},"end":{"line":35,"column":3}},"line":30},"4":{"name":"(anonymous_4)","decl":{"start":{"line":37,"column":2},"end":{"line":37,"column":3}},"loc":{"start":{"line":37,"column":11},"end":{"line":56,"column":3}},"line":37},"5":{"name":"(anonymous_5)","decl":{"start":{"line":59,"column":31},"end":{"line":59,"column":32}},"loc":{"start":{"line":59,"column":43},"end":{"line":63,"column":1}},"line":59},"6":{"name":"(anonymous_6)","decl":{"start":{"line":65,"column":34},"end":{"line":65,"column":35}},"loc":{"start":{"line":65,"column":49},"end":{"line":67,"column":1}},"line":65},"7":{"name":"(anonymous_7)","decl":{"start":{"line":66,"column":14},"end":{"line":66,"column":15}},"loc":{"start":{"line":66,"column":20},"end":{"line":66,"column":42}},"line":66}},"branchMap":{"0":{"loc":{"start":{"line":22,"column":11},"end":{"line":27,"column":20}},"type":"cond-expr","locations":[{"start":{"line":23,"column":6},"end":{"line":26,"column":7}},{"start":{"line":27,"column":8},"end":{"line":27,"column":20}}],"line":22},"1":{"loc":{"start":{"line":47,"column":9},"end":{"line":47,"column":43}},"type":"binary-expr","locations":[{"start":{"line":47,"column":9},"end":{"line":47,"column":29}},{"start":{"line":47,"column":33},"end":{"line":47,"column":43}}],"line":47}},"s":{"0":9,"1":2,"2":2,"3":2,"4":5,"5":2,"6":1,"7":8,"8":1,"9":1,"10":1,"11":1,"12":1,"13":1},"f":{"0":9,"1":2,"2":5,"3":1,"4":8,"5":1,"6":1,"7":1},"b":{"0":[1,1],"1":[8,1]},"_coverageSchema":"332fd63041d2c1bcb487cc26dd0d5f7d97098a6c","hash":"e979dd7cabe5ed9256cc0e5d4b87c5c1f5123fcb"}
,"/Users/whitneyburton/Documents/turing/mod3/trapper-keeper-project/trapper-keeper/src/containers/NoteCard/NoteCard.js": {"path":"/Users/whitneyburton/Documents/turing/mod3/trapper-keeper-project/trapper-keeper/src/containers/NoteCard/NoteCard.js","statementMap":{"0":{"start":{"line":16,"column":26},"end":{"line":16,"column":36}},"1":{"start":{"line":17,"column":26},"end":{"line":17,"column":67}},"2":{"start":{"line":17,"column":51},"end":{"line":17,"column":66}},"3":{"start":{"line":18,"column":4},"end":{"line":33,"column":6}},"4":{"start":{"line":20,"column":36},"end":{"line":20,"column":40}},"5":{"start":{"line":21,"column":8},"end":{"line":31,"column":10}},"6":{"start":{"line":27,"column":29},"end":{"line":27,"column":52}},"7":{"start":{"line":37,"column":26},"end":{"line":37,"column":36}},"8":{"start":{"line":38,"column":28},"end":{"line":38,"column":70}},"9":{"start":{"line":38,"column":53},"end":{"line":38,"column":69}},"10":{"start":{"line":39,"column":4},"end":{"line":54,"column":6}},"11":{"start":{"line":41,"column":36},"end":{"line":41,"column":40}},"12":{"start":{"line":42,"column":8},"end":{"line":52,"column":10}},"13":{"start":{"line":48,"column":29},"end":{"line":48,"column":52}},"14":{"start":{"line":58,"column":64},"end":{"line":58,"column":74}},"15":{"start":{"line":59,"column":29},"end":{"line":62,"column":6}},"16":{"start":{"line":60,"column":29},"end":{"line":60,"column":33}},"17":{"start":{"line":61,"column":6},"end":{"line":61,"column":78}},"18":{"start":{"line":63,"column":4},"end":{"line":63,"column":69}},"19":{"start":{"line":64,"column":4},"end":{"line":64,"column":17}},"20":{"start":{"line":68,"column":47},"end":{"line":68,"column":57}},"21":{"start":{"line":69,"column":4},"end":{"line":69,"column":30}},"22":{"start":{"line":70,"column":4},"end":{"line":70,"column":17}},"23":{"start":{"line":74,"column":4},"end":{"line":74,"column":65}},"24":{"start":{"line":78,"column":58},"end":{"line":78,"column":68}},"25":{"start":{"line":79,"column":30},"end":{"line":79,"column":35}},"26":{"start":{"line":80,"column":25},"end":{"line":80,"column":67}},"27":{"start":{"line":81,"column":21},"end":{"line":81,"column":57}},"28":{"start":{"line":82,"column":4},"end":{"line":82,"column":57}},"29":{"start":{"line":83,"column":4},"end":{"line":83,"column":30}},"30":{"start":{"line":87,"column":33},"end":{"line":87,"column":43}},"31":{"start":{"line":88,"column":19},"end":{"line":91,"column":5}},"32":{"start":{"line":92,"column":4},"end":{"line":95,"column":5}},"33":{"start":{"line":93,"column":6},"end":{"line":93,"column":24}},"34":{"start":{"line":94,"column":6},"end":{"line":94,"column":71}},"35":{"start":{"line":96,"column":4},"end":{"line":122,"column":6}},"36":{"start":{"line":100,"column":31},"end":{"line":100,"column":53}},"37":{"start":{"line":126,"column":31},"end":{"line":128,"column":2}},"38":{"start":{"line":126,"column":43},"end":{"line":128,"column":1}},"39":{"start":{"line":130,"column":34},"end":{"line":135,"column":2}},"40":{"start":{"line":130,"column":49},"end":{"line":135,"column":1}},"41":{"start":{"line":131,"column":26},"end":{"line":131,"column":54}},"42":{"start":{"line":132,"column":21},"end":{"line":132,"column":44}},"43":{"start":{"line":133,"column":27},"end":{"line":133,"column":56}},"44":{"start":{"line":134,"column":23},"end":{"line":134,"column":48}},"45":{"start":{"line":139,"column":0},"end":{"line":149,"column":1}}},"fnMap":{"0":{"name":"(anonymous_0)","decl":{"start":{"line":15,"column":21},"end":{"line":15,"column":22}},"loc":{"start":{"line":15,"column":27},"end":{"line":34,"column":3}},"line":15},"1":{"name":"(anonymous_1)","decl":{"start":{"line":17,"column":43},"end":{"line":17,"column":44}},"loc":{"start":{"line":17,"column":51},"end":{"line":17,"column":66}},"line":17},"2":{"name":"(anonymous_2)","decl":{"start":{"line":19,"column":24},"end":{"line":19,"column":25}},"loc":{"start":{"line":19,"column":32},"end":{"line":32,"column":7}},"line":19},"3":{"name":"(anonymous_3)","decl":{"start":{"line":27,"column":23},"end":{"line":27,"column":24}},"loc":{"start":{"line":27,"column":29},"end":{"line":27,"column":52}},"line":27},"4":{"name":"(anonymous_4)","decl":{"start":{"line":36,"column":23},"end":{"line":36,"column":24}},"loc":{"start":{"line":36,"column":29},"end":{"line":55,"column":3}},"line":36},"5":{"name":"(anonymous_5)","decl":{"start":{"line":38,"column":45},"end":{"line":38,"column":46}},"loc":{"start":{"line":38,"column":53},"end":{"line":38,"column":69}},"line":38},"6":{"name":"(anonymous_6)","decl":{"start":{"line":40,"column":26},"end":{"line":40,"column":27}},"loc":{"start":{"line":40,"column":34},"end":{"line":53,"column":7}},"line":40},"7":{"name":"(anonymous_7)","decl":{"start":{"line":48,"column":23},"end":{"line":48,"column":24}},"loc":{"start":{"line":48,"column":29},"end":{"line":48,"column":52}},"line":48},"8":{"name":"(anonymous_8)","decl":{"start":{"line":57,"column":19},"end":{"line":57,"column":20}},"loc":{"start":{"line":57,"column":37},"end":{"line":65,"column":3}},"line":57},"9":{"name":"(anonymous_9)","decl":{"start":{"line":59,"column":43},"end":{"line":59,"column":44}},"loc":{"start":{"line":59,"column":51},"end":{"line":62,"column":5}},"line":59},"10":{"name":"(anonymous_10)","decl":{"start":{"line":67,"column":17},"end":{"line":67,"column":18}},"loc":{"start":{"line":67,"column":29},"end":{"line":71,"column":3}},"line":67},"11":{"name":"(anonymous_11)","decl":{"start":{"line":73,"column":15},"end":{"line":73,"column":16}},"loc":{"start":{"line":73,"column":26},"end":{"line":75,"column":3}},"line":73},"12":{"name":"(anonymous_12)","decl":{"start":{"line":77,"column":15},"end":{"line":77,"column":16}},"loc":{"start":{"line":77,"column":26},"end":{"line":84,"column":3}},"line":77},"13":{"name":"(anonymous_13)","decl":{"start":{"line":86,"column":2},"end":{"line":86,"column":3}},"loc":{"start":{"line":86,"column":11},"end":{"line":123,"column":3}},"line":86},"14":{"name":"(anonymous_14)","decl":{"start":{"line":100,"column":20},"end":{"line":100,"column":21}},"loc":{"start":{"line":100,"column":31},"end":{"line":100,"column":53}},"line":100},"15":{"name":"(anonymous_15)","decl":{"start":{"line":126,"column":31},"end":{"line":126,"column":32}},"loc":{"start":{"line":126,"column":43},"end":{"line":128,"column":1}},"line":126},"16":{"name":"(anonymous_16)","decl":{"start":{"line":130,"column":34},"end":{"line":130,"column":35}},"loc":{"start":{"line":130,"column":49},"end":{"line":135,"column":1}},"line":130},"17":{"name":"(anonymous_17)","decl":{"start":{"line":131,"column":15},"end":{"line":131,"column":16}},"loc":{"start":{"line":131,"column":26},"end":{"line":131,"column":54}},"line":131},"18":{"name":"(anonymous_18)","decl":{"start":{"line":132,"column":11},"end":{"line":132,"column":12}},"loc":{"start":{"line":132,"column":21},"end":{"line":132,"column":44}},"line":132},"19":{"name":"(anonymous_19)","decl":{"start":{"line":133,"column":19},"end":{"line":133,"column":20}},"loc":{"start":{"line":133,"column":27},"end":{"line":133,"column":56}},"line":133},"20":{"name":"(anonymous_20)","decl":{"start":{"line":134,"column":13},"end":{"line":134,"column":14}},"loc":{"start":{"line":134,"column":23},"end":{"line":134,"column":48}},"line":134}},"branchMap":{"0":{"loc":{"start":{"line":61,"column":13},"end":{"line":61,"column":77}},"type":"cond-expr","locations":[{"start":{"line":61,"column":34},"end":{"line":61,"column":70}},{"start":{"line":61,"column":73},"end":{"line":61,"column":77}}],"line":61},"1":{"loc":{"start":{"line":92,"column":4},"end":{"line":95,"column":5}},"type":"if","locations":[{"start":{"line":92,"column":4},"end":{"line":95,"column":5}},{"start":{"line":92,"column":4},"end":{"line":95,"column":5}}],"line":92}},"s":{"0":22,"1":22,"2":55,"3":22,"4":22,"5":22,"6":1,"7":22,"8":22,"9":55,"10":22,"11":33,"12":33,"13":1,"14":3,"15":3,"16":6,"17":6,"18":3,"19":3,"20":2,"21":2,"22":2,"23":1,"24":1,"25":1,"26":1,"27":1,"28":1,"29":1,"30":21,"31":21,"32":21,"33":1,"34":1,"35":21,"36":1,"37":3,"38":2,"39":3,"40":2,"41":1,"42":1,"43":1,"44":1,"45":3},"f":{"0":22,"1":55,"2":22,"3":1,"4":22,"5":55,"6":33,"7":1,"8":3,"9":6,"10":2,"11":1,"12":1,"13":21,"14":1,"15":2,"16":2,"17":1,"18":1,"19":1,"20":1},"b":{"0":[3,3],"1":[1,20]},"_coverageSchema":"332fd63041d2c1bcb487cc26dd0d5f7d97098a6c","hash":"896046f87b136f0ac8f4f821f158b9d39f4b4cd5"}
,"/Users/whitneyburton/Documents/turing/mod3/trapper-keeper-project/trapper-keeper/src/containers/NoteContainer/NoteContainer.js": {"path":"/Users/whitneyburton/Documents/turing/mod3/trapper-keeper-project/trapper-keeper/src/containers/NoteContainer/NoteContainer.js","statementMap":{"0":{"start":{"line":11,"column":27},"end":{"line":20,"column":5}},"1":{"start":{"line":21,"column":4},"end":{"line":21,"column":67}},"2":{"start":{"line":25,"column":29},"end":{"line":25,"column":39}},"3":{"start":{"line":26,"column":4},"end":{"line":33,"column":5}},"4":{"start":{"line":27,"column":6},"end":{"line":32,"column":9}},"5":{"start":{"line":28,"column":8},"end":{"line":31,"column":18}},"6":{"start":{"line":30,"column":10},"end":{"line":30,"column":63}},"7":{"start":{"line":34,"column":4},"end":{"line":34,"column":17}},"8":{"start":{"line":38,"column":34},"end":{"line":38,"column":44}},"9":{"start":{"line":40,"column":27},"end":{"line":40,"column":51}},"10":{"start":{"line":42,"column":18},"end":{"line":44,"column":16}},"11":{"start":{"line":43,"column":6},"end":{"line":43,"column":63}},"12":{"start":{"line":46,"column":24},"end":{"line":53,"column":5}},"13":{"start":{"line":54,"column":26},"end":{"line":54,"column":56}},"14":{"start":{"line":56,"column":4},"end":{"line":59,"column":5}},"15":{"start":{"line":57,"column":22},"end":{"line":57,"column":43}},"16":{"start":{"line":58,"column":6},"end":{"line":58,"column":26}},"17":{"start":{"line":61,"column":4},"end":{"line":81,"column":6}},"18":{"start":{"line":85,"column":31},"end":{"line":88,"column":2}},"19":{"start":{"line":85,"column":43},"end":{"line":88,"column":1}},"20":{"start":{"line":92,"column":0},"end":{"line":97,"column":1}}},"fnMap":{"0":{"name":"(anonymous_0)","decl":{"start":{"line":10,"column":19},"end":{"line":10,"column":20}},"loc":{"start":{"line":10,"column":25},"end":{"line":22,"column":3}},"line":10},"1":{"name":"(anonymous_1)","decl":{"start":{"line":24,"column":22},"end":{"line":24,"column":23}},"loc":{"start":{"line":24,"column":28},"end":{"line":35,"column":3}},"line":24},"2":{"name":"(anonymous_2)","decl":{"start":{"line":27,"column":26},"end":{"line":27,"column":27}},"loc":{"start":{"line":27,"column":34},"end":{"line":32,"column":7}},"line":27},"3":{"name":"(anonymous_3)","decl":{"start":{"line":29,"column":30},"end":{"line":29,"column":31}},"loc":{"start":{"line":29,"column":38},"end":{"line":31,"column":9}},"line":29},"4":{"name":"(anonymous_4)","decl":{"start":{"line":37,"column":2},"end":{"line":37,"column":3}},"loc":{"start":{"line":37,"column":11},"end":{"line":82,"column":3}},"line":37},"5":{"name":"(anonymous_5)","decl":{"start":{"line":42,"column":37},"end":{"line":42,"column":38}},"loc":{"start":{"line":42,"column":54},"end":{"line":44,"column":5}},"line":42},"6":{"name":"(anonymous_6)","decl":{"start":{"line":85,"column":31},"end":{"line":85,"column":32}},"loc":{"start":{"line":85,"column":43},"end":{"line":88,"column":1}},"line":85}},"branchMap":{"0":{"loc":{"start":{"line":26,"column":4},"end":{"line":33,"column":5}},"type":"if","locations":[{"start":{"line":26,"column":4},"end":{"line":33,"column":5}},{"start":{"line":26,"column":4},"end":{"line":33,"column":5}}],"line":26},"1":{"loc":{"start":{"line":28,"column":15},"end":{"line":31,"column":17}},"type":"binary-expr","locations":[{"start":{"line":28,"column":15},"end":{"line":28,"column":55}},{"start":{"line":29,"column":8},"end":{"line":31,"column":17}}],"line":28},"2":{"loc":{"start":{"line":54,"column":26},"end":{"line":54,"column":56}},"type":"cond-expr","locations":[{"start":{"line":54,"column":39},"end":{"line":54,"column":51}},{"start":{"line":54,"column":54},"end":{"line":54,"column":56}}],"line":54},"3":{"loc":{"start":{"line":56,"column":4},"end":{"line":59,"column":5}},"type":"if","locations":[{"start":{"line":56,"column":4},"end":{"line":59,"column":5}},{"start":{"line":56,"column":4},"end":{"line":59,"column":5}}],"line":56}},"s":{"0":2,"1":2,"2":10,"3":10,"4":2,"5":8,"6":10,"7":8,"8":8,"9":8,"10":8,"11":25,"12":8,"13":8,"14":8,"15":1,"16":1,"17":8,"18":2,"19":2,"20":2},"f":{"0":2,"1":10,"2":8,"3":10,"4":8,"5":25,"6":2},"b":{"0":[2,8],"1":[8,6],"2":[1,7],"3":[1,7]},"_coverageSchema":"332fd63041d2c1bcb487cc26dd0d5f7d97098a6c","hash":"9e0721019cb83a523774a210c46f209596456c23"}
,"/Users/whitneyburton/Documents/turing/mod3/trapper-keeper-project/trapper-keeper/src/containers/NoteForm/NoteForm.js": {"path":"/Users/whitneyburton/Documents/turing/mod3/trapper-keeper-project/trapper-keeper/src/containers/NoteForm/NoteForm.js","statementMap":{"0":{"start":{"line":16,"column":4},"end":{"line":16,"column":12}},"1":{"start":{"line":17,"column":4},"end":{"line":23,"column":5}},"2":{"start":{"line":27,"column":4},"end":{"line":27,"column":61}},"3":{"start":{"line":28,"column":21},"end":{"line":28,"column":37}},"4":{"start":{"line":29,"column":40},"end":{"line":29,"column":50}},"5":{"start":{"line":30,"column":4},"end":{"line":32,"column":5}},"6":{"start":{"line":31,"column":6},"end":{"line":31,"column":49}},"7":{"start":{"line":36,"column":4},"end":{"line":36,"column":64}},"8":{"start":{"line":37,"column":4},"end":{"line":37,"column":28}},"9":{"start":{"line":40,"column":41},"end":{"line":44,"column":3}},"10":{"start":{"line":47,"column":4},"end":{"line":49,"column":7}},"11":{"start":{"line":48,"column":6},"end":{"line":48,"column":62}},"12":{"start":{"line":53,"column":45},"end":{"line":53,"column":55}},"13":{"start":{"line":54,"column":28},"end":{"line":54,"column":70}},"14":{"start":{"line":54,"column":53},"end":{"line":54,"column":69}},"15":{"start":{"line":55,"column":4},"end":{"line":67,"column":7}},"16":{"start":{"line":56,"column":6},"end":{"line":66,"column":8}},"17":{"start":{"line":71,"column":26},"end":{"line":71,"column":36}},"18":{"start":{"line":72,"column":26},"end":{"line":72,"column":67}},"19":{"start":{"line":72,"column":51},"end":{"line":72,"column":66}},"20":{"start":{"line":73,"column":4},"end":{"line":83,"column":7}},"21":{"start":{"line":74,"column":6},"end":{"line":82,"column":8}},"22":{"start":{"line":87,"column":4},"end":{"line":93,"column":6}},"23":{"start":{"line":97,"column":4},"end":{"line":103,"column":6}},"24":{"start":{"line":101,"column":27},"end":{"line":101,"column":71}},"25":{"start":{"line":107,"column":45},"end":{"line":107,"column":57}},"26":{"start":{"line":108,"column":26},"end":{"line":108,"column":36}},"27":{"start":{"line":109,"column":29},"end":{"line":109,"column":67}},"28":{"start":{"line":109,"column":52},"end":{"line":109,"column":66}},"29":{"start":{"line":111,"column":4},"end":{"line":115,"column":5}},"30":{"start":{"line":112,"column":6},"end":{"line":112,"column":72}},"31":{"start":{"line":114,"column":6},"end":{"line":114,"column":78}},"32":{"start":{"line":116,"column":4},"end":{"line":116,"column":74}},"33":{"start":{"line":120,"column":4},"end":{"line":120,"column":27}},"34":{"start":{"line":121,"column":18},"end":{"line":121,"column":33}},"35":{"start":{"line":122,"column":4},"end":{"line":122,"column":29}},"36":{"start":{"line":126,"column":26},"end":{"line":126,"column":36}},"37":{"start":{"line":127,"column":29},"end":{"line":130,"column":6}},"38":{"start":{"line":128,"column":29},"end":{"line":128,"column":33}},"39":{"start":{"line":129,"column":6},"end":{"line":129,"column":74}},"40":{"start":{"line":131,"column":4},"end":{"line":131,"column":51}},"41":{"start":{"line":135,"column":26},"end":{"line":135,"column":36}},"42":{"start":{"line":136,"column":29},"end":{"line":136,"column":69}},"43":{"start":{"line":136,"column":54},"end":{"line":136,"column":68}},"44":{"start":{"line":137,"column":4},"end":{"line":137,"column":51}},"45":{"start":{"line":141,"column":4},"end":{"line":141,"column":56}},"46":{"start":{"line":145,"column":4},"end":{"line":145,"column":27}},"47":{"start":{"line":146,"column":19},"end":{"line":146,"column":42}},"48":{"start":{"line":147,"column":4},"end":{"line":147,"column":41}},"49":{"start":{"line":151,"column":4},"end":{"line":151,"column":27}},"50":{"start":{"line":152,"column":19},"end":{"line":152,"column":42}},"51":{"start":{"line":153,"column":40},"end":{"line":153,"column":50}},"52":{"start":{"line":154,"column":4},"end":{"line":158,"column":5}},"53":{"start":{"line":155,"column":6},"end":{"line":155,"column":64}},"54":{"start":{"line":157,"column":6},"end":{"line":157,"column":61}},"55":{"start":{"line":162,"column":33},"end":{"line":162,"column":43}},"56":{"start":{"line":163,"column":4},"end":{"line":163,"column":59}},"57":{"start":{"line":167,"column":47},"end":{"line":167,"column":57}},"58":{"start":{"line":168,"column":23},"end":{"line":168,"column":33}},"59":{"start":{"line":169,"column":21},"end":{"line":169,"column":37}},"60":{"start":{"line":170,"column":19},"end":{"line":170,"column":93}},"61":{"start":{"line":171,"column":20},"end":{"line":173,"column":6}},"62":{"start":{"line":172,"column":6},"end":{"line":172,"column":115}},"63":{"start":{"line":175,"column":4},"end":{"line":207,"column":5}},"64":{"start":{"line":211,"column":31},"end":{"line":213,"column":2}},"65":{"start":{"line":211,"column":43},"end":{"line":213,"column":1}},"66":{"start":{"line":215,"column":34},"end":{"line":220,"column":2}},"67":{"start":{"line":215,"column":49},"end":{"line":220,"column":1}},"68":{"start":{"line":216,"column":21},"end":{"line":216,"column":44}},"69":{"start":{"line":217,"column":22},"end":{"line":217,"column":46}},"70":{"start":{"line":218,"column":27},"end":{"line":218,"column":56}},"71":{"start":{"line":219,"column":23},"end":{"line":219,"column":48}},"72":{"start":{"line":224,"column":0},"end":{"line":230,"column":1}}},"fnMap":{"0":{"name":"(anonymous_0)","decl":{"start":{"line":15,"column":2},"end":{"line":15,"column":3}},"loc":{"start":{"line":15,"column":16},"end":{"line":24,"column":3}},"line":15},"1":{"name":"(anonymous_1)","decl":{"start":{"line":26,"column":2},"end":{"line":26,"column":3}},"loc":{"start":{"line":26,"column":22},"end":{"line":33,"column":3}},"line":26},"2":{"name":"(anonymous_2)","decl":{"start":{"line":35,"column":2},"end":{"line":35,"column":3}},"loc":{"start":{"line":35,"column":25},"end":{"line":38,"column":3}},"line":35},"3":{"name":"(anonymous_3)","decl":{"start":{"line":40,"column":19},"end":{"line":40,"column":20}},"loc":{"start":{"line":40,"column":41},"end":{"line":44,"column":3}},"line":40},"4":{"name":"(anonymous_4)","decl":{"start":{"line":46,"column":18},"end":{"line":46,"column":19}},"loc":{"start":{"line":46,"column":50},"end":{"line":50,"column":3}},"line":46},"5":{"name":"(anonymous_5)","decl":{"start":{"line":47,"column":25},"end":{"line":47,"column":26}},"loc":{"start":{"line":47,"column":33},"end":{"line":49,"column":5}},"line":47},"6":{"name":"(anonymous_6)","decl":{"start":{"line":52,"column":27},"end":{"line":52,"column":28}},"loc":{"start":{"line":52,"column":33},"end":{"line":68,"column":3}},"line":52},"7":{"name":"(anonymous_7)","decl":{"start":{"line":54,"column":45},"end":{"line":54,"column":46}},"loc":{"start":{"line":54,"column":53},"end":{"line":54,"column":69}},"line":54},"8":{"name":"(anonymous_8)","decl":{"start":{"line":55,"column":31},"end":{"line":55,"column":32}},"loc":{"start":{"line":55,"column":39},"end":{"line":67,"column":5}},"line":55},"9":{"name":"(anonymous_9)","decl":{"start":{"line":70,"column":25},"end":{"line":70,"column":26}},"loc":{"start":{"line":70,"column":31},"end":{"line":84,"column":3}},"line":70},"10":{"name":"(anonymous_10)","decl":{"start":{"line":72,"column":43},"end":{"line":72,"column":44}},"loc":{"start":{"line":72,"column":51},"end":{"line":72,"column":66}},"line":72},"11":{"name":"(anonymous_11)","decl":{"start":{"line":73,"column":29},"end":{"line":73,"column":30}},"loc":{"start":{"line":73,"column":37},"end":{"line":83,"column":5}},"line":73},"12":{"name":"(anonymous_12)","decl":{"start":{"line":86,"column":24},"end":{"line":86,"column":25}},"loc":{"start":{"line":87,"column":4},"end":{"line":93,"column":6}},"line":87},"13":{"name":"(anonymous_13)","decl":{"start":{"line":96,"column":18},"end":{"line":96,"column":19}},"loc":{"start":{"line":97,"column":4},"end":{"line":103,"column":6}},"line":97},"14":{"name":"(anonymous_14)","decl":{"start":{"line":101,"column":16},"end":{"line":101,"column":17}},"loc":{"start":{"line":101,"column":27},"end":{"line":101,"column":71}},"line":101},"15":{"name":"(anonymous_15)","decl":{"start":{"line":106,"column":17},"end":{"line":106,"column":18}},"loc":{"start":{"line":106,"column":28},"end":{"line":117,"column":3}},"line":106},"16":{"name":"(anonymous_16)","decl":{"start":{"line":109,"column":44},"end":{"line":109,"column":45}},"loc":{"start":{"line":109,"column":52},"end":{"line":109,"column":66}},"line":109},"17":{"name":"(anonymous_17)","decl":{"start":{"line":119,"column":22},"end":{"line":119,"column":23}},"loc":{"start":{"line":119,"column":33},"end":{"line":123,"column":3}},"line":119},"18":{"name":"(anonymous_18)","decl":{"start":{"line":125,"column":19},"end":{"line":125,"column":20}},"loc":{"start":{"line":125,"column":27},"end":{"line":132,"column":3}},"line":125},"19":{"name":"(anonymous_19)","decl":{"start":{"line":127,"column":43},"end":{"line":127,"column":44}},"loc":{"start":{"line":127,"column":51},"end":{"line":130,"column":5}},"line":127},"20":{"name":"(anonymous_20)","decl":{"start":{"line":134,"column":21},"end":{"line":134,"column":22}},"loc":{"start":{"line":134,"column":29},"end":{"line":138,"column":3}},"line":134},"21":{"name":"(anonymous_21)","decl":{"start":{"line":136,"column":46},"end":{"line":136,"column":47}},"loc":{"start":{"line":136,"column":54},"end":{"line":136,"column":68}},"line":136},"22":{"name":"(anonymous_22)","decl":{"start":{"line":140,"column":18},"end":{"line":140,"column":19}},"loc":{"start":{"line":140,"column":29},"end":{"line":142,"column":3}},"line":140},"23":{"name":"(anonymous_23)","decl":{"start":{"line":144,"column":21},"end":{"line":144,"column":22}},"loc":{"start":{"line":144,"column":38},"end":{"line":148,"column":3}},"line":144},"24":{"name":"(anonymous_24)","decl":{"start":{"line":150,"column":17},"end":{"line":150,"column":18}},"loc":{"start":{"line":150,"column":34},"end":{"line":159,"column":3}},"line":150},"25":{"name":"(anonymous_25)","decl":{"start":{"line":161,"column":27},"end":{"line":161,"column":28}},"loc":{"start":{"line":161,"column":33},"end":{"line":164,"column":3}},"line":161},"26":{"name":"(anonymous_26)","decl":{"start":{"line":166,"column":2},"end":{"line":166,"column":3}},"loc":{"start":{"line":166,"column":11},"end":{"line":208,"column":3}},"line":166},"27":{"name":"(anonymous_27)","decl":{"start":{"line":171,"column":31},"end":{"line":171,"column":32}},"loc":{"start":{"line":171,"column":40},"end":{"line":173,"column":5}},"line":171},"28":{"name":"(anonymous_28)","decl":{"start":{"line":211,"column":31},"end":{"line":211,"column":32}},"loc":{"start":{"line":211,"column":43},"end":{"line":213,"column":1}},"line":211},"29":{"name":"(anonymous_29)","decl":{"start":{"line":215,"column":34},"end":{"line":215,"column":35}},"loc":{"start":{"line":215,"column":49},"end":{"line":220,"column":1}},"line":215},"30":{"name":"(anonymous_30)","decl":{"start":{"line":216,"column":11},"end":{"line":216,"column":12}},"loc":{"start":{"line":216,"column":21},"end":{"line":216,"column":44}},"line":216},"31":{"name":"(anonymous_31)","decl":{"start":{"line":217,"column":12},"end":{"line":217,"column":13}},"loc":{"start":{"line":217,"column":22},"end":{"line":217,"column":46}},"line":217},"32":{"name":"(anonymous_32)","decl":{"start":{"line":218,"column":19},"end":{"line":218,"column":20}},"loc":{"start":{"line":218,"column":27},"end":{"line":218,"column":56}},"line":218},"33":{"name":"(anonymous_33)","decl":{"start":{"line":219,"column":13},"end":{"line":219,"column":14}},"loc":{"start":{"line":219,"column":23},"end":{"line":219,"column":48}},"line":219}},"branchMap":{"0":{"loc":{"start":{"line":30,"column":4},"end":{"line":32,"column":5}},"type":"if","locations":[{"start":{"line":30,"column":4},"end":{"line":32,"column":5}},{"start":{"line":30,"column":4},"end":{"line":32,"column":5}}],"line":30},"1":{"loc":{"start":{"line":48,"column":13},"end":{"line":48,"column":61}},"type":"cond-expr","locations":[{"start":{"line":48,"column":30},"end":{"line":48,"column":54}},{"start":{"line":48,"column":57},"end":{"line":48,"column":61}}],"line":48},"2":{"loc":{"start":{"line":111,"column":4},"end":{"line":115,"column":5}},"type":"if","locations":[{"start":{"line":111,"column":4},"end":{"line":115,"column":5}},{"start":{"line":111,"column":4},"end":{"line":115,"column":5}}],"line":111},"3":{"loc":{"start":{"line":129,"column":13},"end":{"line":129,"column":73}},"type":"cond-expr","locations":[{"start":{"line":129,"column":30},"end":{"line":129,"column":66}},{"start":{"line":129,"column":69},"end":{"line":129,"column":73}}],"line":129},"4":{"loc":{"start":{"line":141,"column":4},"end":{"line":141,"column":55}},"type":"binary-expr","locations":[{"start":{"line":141,"column":4},"end":{"line":141,"column":26}},{"start":{"line":141,"column":30},"end":{"line":141,"column":55}}],"line":141},"5":{"loc":{"start":{"line":154,"column":4},"end":{"line":158,"column":5}},"type":"if","locations":[{"start":{"line":154,"column":4},"end":{"line":158,"column":5}},{"start":{"line":154,"column":4},"end":{"line":158,"column":5}}],"line":154},"6":{"loc":{"start":{"line":189,"column":11},"end":{"line":195,"column":19}},"type":"cond-expr","locations":[{"start":{"line":190,"column":12},"end":{"line":192,"column":21}},{"start":{"line":193,"column":12},"end":{"line":195,"column":19}}],"line":189},"7":{"loc":{"start":{"line":196,"column":11},"end":{"line":199,"column":18}},"type":"binary-expr","locations":[{"start":{"line":196,"column":11},"end":{"line":196,"column":27}},{"start":{"line":197,"column":12},"end":{"line":199,"column":18}}],"line":196},"8":{"loc":{"start":{"line":204,"column":11},"end":{"line":204,"column":65}},"type":"binary-expr","locations":[{"start":{"line":204,"column":12},"end":{"line":204,"column":25}},{"start":{"line":204,"column":29},"end":{"line":204,"column":41}},{"start":{"line":204,"column":46},"end":{"line":204,"column":65}}],"line":204}},"s":{"0":57,"1":57,"2":57,"3":57,"4":57,"5":57,"6":29,"7":1,"8":1,"9":2,"10":2,"11":4,"12":97,"13":97,"14":79,"15":97,"16":40,"17":97,"18":97,"19":79,"20":97,"21":39,"22":97,"23":97,"24":1,"25":2,"26":2,"27":2,"28":3,"29":2,"30":1,"31":1,"32":2,"33":1,"34":1,"35":1,"36":1,"37":1,"38":2,"39":2,"40":1,"41":1,"42":1,"43":2,"44":1,"45":1,"46":1,"47":1,"48":1,"49":2,"50":2,"51":2,"52":2,"53":1,"54":1,"55":1,"56":1,"57":96,"58":96,"59":96,"60":96,"61":96,"62":768,"63":96,"64":2,"65":1,"66":2,"67":4,"68":1,"69":1,"70":1,"71":1,"72":2},"f":{"0":57,"1":57,"2":1,"3":2,"4":2,"5":4,"6":97,"7":79,"8":40,"9":97,"10":79,"11":39,"12":97,"13":97,"14":1,"15":2,"16":3,"17":1,"18":1,"19":2,"20":1,"21":2,"22":1,"23":1,"24":2,"25":1,"26":96,"27":768,"28":1,"29":4,"30":1,"31":1,"32":1,"33":1},"b":{"0":[29,28],"1":[2,2],"2":[1,1],"3":[1,1],"4":[1,1],"5":[1,1],"6":[66,30],"7":[96,1],"8":[96,2,2]},"_coverageSchema":"332fd63041d2c1bcb487cc26dd0d5f7d97098a6c","hash":"f648fe7d9ea12bc4022c56374421feb8e736a372"}
,"/Users/whitneyburton/Documents/turing/mod3/trapper-keeper-project/trapper-keeper/src/containers/SearchBar/SearchBar.js": {"path":"/Users/whitneyburton/Documents/turing/mod3/trapper-keeper-project/trapper-keeper/src/containers/SearchBar/SearchBar.js","statementMap":{"0":{"start":{"line":8,"column":22},"end":{"line":8,"column":36}},"1":{"start":{"line":9,"column":25},"end":{"line":9,"column":35}},"2":{"start":{"line":10,"column":4},"end":{"line":10,"column":24}},"3":{"start":{"line":14,"column":4},"end":{"line":19,"column":5}},"4":{"start":{"line":23,"column":34},"end":{"line":25,"column":2}},"5":{"start":{"line":23,"column":49},"end":{"line":25,"column":1}},"6":{"start":{"line":24,"column":23},"end":{"line":24,"column":48}},"7":{"start":{"line":29,"column":0},"end":{"line":31,"column":1}}},"fnMap":{"0":{"name":"(anonymous_0)","decl":{"start":{"line":7,"column":16},"end":{"line":7,"column":17}},"loc":{"start":{"line":7,"column":23},"end":{"line":11,"column":3}},"line":7},"1":{"name":"(anonymous_1)","decl":{"start":{"line":13,"column":2},"end":{"line":13,"column":3}},"loc":{"start":{"line":13,"column":11},"end":{"line":20,"column":3}},"line":13},"2":{"name":"(anonymous_2)","decl":{"start":{"line":23,"column":34},"end":{"line":23,"column":35}},"loc":{"start":{"line":23,"column":49},"end":{"line":25,"column":1}},"line":23},"3":{"name":"(anonymous_3)","decl":{"start":{"line":24,"column":12},"end":{"line":24,"column":13}},"loc":{"start":{"line":24,"column":23},"end":{"line":24,"column":48}},"line":24}},"branchMap":{},"s":{"0":1,"1":1,"2":1,"3":3,"4":2,"5":2,"6":1,"7":2},"f":{"0":1,"1":3,"2":2,"3":1},"b":{},"_coverageSchema":"332fd63041d2c1bcb487cc26dd0d5f7d97098a6c","hash":"a8571fc3f4edb6c89ee6bae434d514f4c90e8802"}
,"/Users/whitneyburton/Documents/turing/mod3/trapper-keeper-project/trapper-keeper/src/reducers/errorReducer.js": {"path":"/Users/whitneyburton/Documents/turing/mod3/trapper-keeper-project/trapper-keeper/src/reducers/errorReducer.js","statementMap":{"0":{"start":{"line":1,"column":28},"end":{"line":8,"column":1}},"1":{"start":{"line":2,"column":2},"end":{"line":7,"column":3}},"2":{"start":{"line":4,"column":6},"end":{"line":4,"column":28}},"3":{"start":{"line":6,"column":6},"end":{"line":6,"column":19}}},"fnMap":{"0":{"name":"(anonymous_0)","decl":{"start":{"line":1,"column":28},"end":{"line":1,"column":29}},"loc":{"start":{"line":1,"column":52},"end":{"line":8,"column":1}},"line":1}},"branchMap":{"0":{"loc":{"start":{"line":1,"column":29},"end":{"line":1,"column":39}},"type":"default-arg","locations":[{"start":{"line":1,"column":37},"end":{"line":1,"column":39}}],"line":1},"1":{"loc":{"start":{"line":2,"column":2},"end":{"line":7,"column":3}},"type":"switch","locations":[{"start":{"line":3,"column":4},"end":{"line":4,"column":28}},{"start":{"line":5,"column":4},"end":{"line":6,"column":19}}],"line":2}},"s":{"0":2,"1":5,"2":1,"3":4},"f":{"0":5},"b":{"0":[4],"1":[1,4]},"_coverageSchema":"332fd63041d2c1bcb487cc26dd0d5f7d97098a6c","hash":"679618d20454cf5c3ec7dd93f26c4ad011a54dc1"}
,"/Users/whitneyburton/Documents/turing/mod3/trapper-keeper-project/trapper-keeper/src/reducers/isLoadingReducer.js": {"path":"/Users/whitneyburton/Documents/turing/mod3/trapper-keeper-project/trapper-keeper/src/reducers/isLoadingReducer.js","statementMap":{"0":{"start":{"line":1,"column":32},"end":{"line":8,"column":1}},"1":{"start":{"line":2,"column":2},"end":{"line":7,"column":3}},"2":{"start":{"line":4,"column":6},"end":{"line":4,"column":25}},"3":{"start":{"line":6,"column":6},"end":{"line":6,"column":19}}},"fnMap":{"0":{"name":"(anonymous_0)","decl":{"start":{"line":1,"column":32},"end":{"line":1,"column":33}},"loc":{"start":{"line":1,"column":59},"end":{"line":8,"column":1}},"line":1}},"branchMap":{"0":{"loc":{"start":{"line":1,"column":33},"end":{"line":1,"column":46}},"type":"default-arg","locations":[{"start":{"line":1,"column":41},"end":{"line":1,"column":46}}],"line":1},"1":{"loc":{"start":{"line":2,"column":2},"end":{"line":7,"column":3}},"type":"switch","locations":[{"start":{"line":3,"column":4},"end":{"line":4,"column":25}},{"start":{"line":5,"column":4},"end":{"line":6,"column":19}}],"line":2}},"s":{"0":2,"1":5,"2":1,"3":4},"f":{"0":5},"b":{"0":[5],"1":[1,4]},"_coverageSchema":"332fd63041d2c1bcb487cc26dd0d5f7d97098a6c","hash":"8eece01f936202d98950400576c1a36a2236d131"}
,"/Users/whitneyburton/Documents/turing/mod3/trapper-keeper-project/trapper-keeper/src/reducers/notesReducer.js": {"path":"/Users/whitneyburton/Documents/turing/mod3/trapper-keeper-project/trapper-keeper/src/reducers/notesReducer.js","statementMap":{"0":{"start":{"line":1,"column":28},"end":{"line":17,"column":1}},"1":{"start":{"line":2,"column":2},"end":{"line":16,"column":3}},"2":{"start":{"line":4,"column":6},"end":{"line":4,"column":26}},"3":{"start":{"line":6,"column":6},"end":{"line":6,"column":37}},"4":{"start":{"line":8,"column":6},"end":{"line":11,"column":9}},"5":{"start":{"line":9,"column":23},"end":{"line":9,"column":34}},"6":{"start":{"line":10,"column":8},"end":{"line":10,"column":51}},"7":{"start":{"line":13,"column":6},"end":{"line":13,"column":57}},"8":{"start":{"line":13,"column":34},"end":{"line":13,"column":55}},"9":{"start":{"line":15,"column":6},"end":{"line":15,"column":19}}},"fnMap":{"0":{"name":"(anonymous_0)","decl":{"start":{"line":1,"column":28},"end":{"line":1,"column":29}},"loc":{"start":{"line":1,"column":52},"end":{"line":17,"column":1}},"line":1},"1":{"name":"(anonymous_1)","decl":{"start":{"line":8,"column":23},"end":{"line":8,"column":24}},"loc":{"start":{"line":8,"column":31},"end":{"line":11,"column":7}},"line":8},"2":{"name":"(anonymous_2)","decl":{"start":{"line":13,"column":26},"end":{"line":13,"column":27}},"loc":{"start":{"line":13,"column":34},"end":{"line":13,"column":55}},"line":13}},"branchMap":{"0":{"loc":{"start":{"line":1,"column":29},"end":{"line":1,"column":39}},"type":"default-arg","locations":[{"start":{"line":1,"column":37},"end":{"line":1,"column":39}}],"line":1},"1":{"loc":{"start":{"line":2,"column":2},"end":{"line":16,"column":3}},"type":"switch","locations":[{"start":{"line":3,"column":4},"end":{"line":4,"column":26}},{"start":{"line":5,"column":4},"end":{"line":6,"column":37}},{"start":{"line":7,"column":4},"end":{"line":11,"column":9}},{"start":{"line":12,"column":4},"end":{"line":13,"column":57}},{"start":{"line":14,"column":4},"end":{"line":15,"column":19}}],"line":2},"2":{"loc":{"start":{"line":10,"column":15},"end":{"line":10,"column":50}},"type":"cond-expr","locations":[{"start":{"line":10,"column":32},"end":{"line":10,"column":43}},{"start":{"line":10,"column":46},"end":{"line":10,"column":50}}],"line":10}},"s":{"0":2,"1":8,"2":1,"3":1,"4":1,"5":4,"6":4,"7":1,"8":4,"9":4},"f":{"0":8,"1":4,"2":4},"b":{"0":[5],"1":[1,1,1,1,4],"2":[1,3]},"_coverageSchema":"332fd63041d2c1bcb487cc26dd0d5f7d97098a6c","hash":"039004e2563c2d70e903bd9a2ae73c14916409d9"}
,"/Users/whitneyburton/Documents/turing/mod3/trapper-keeper-project/trapper-keeper/src/reducers/queryReducer.js": {"path":"/Users/whitneyburton/Documents/turing/mod3/trapper-keeper-project/trapper-keeper/src/reducers/queryReducer.js","statementMap":{"0":{"start":{"line":1,"column":28},"end":{"line":8,"column":1}},"1":{"start":{"line":2,"column":2},"end":{"line":7,"column":3}},"2":{"start":{"line":4,"column":6},"end":{"line":4,"column":26}},"3":{"start":{"line":6,"column":6},"end":{"line":6,"column":19}}},"fnMap":{"0":{"name":"(anonymous_0)","decl":{"start":{"line":1,"column":28},"end":{"line":1,"column":29}},"loc":{"start":{"line":1,"column":52},"end":{"line":8,"column":1}},"line":1}},"branchMap":{"0":{"loc":{"start":{"line":1,"column":29},"end":{"line":1,"column":39}},"type":"default-arg","locations":[{"start":{"line":1,"column":37},"end":{"line":1,"column":39}}],"line":1},"1":{"loc":{"start":{"line":2,"column":2},"end":{"line":7,"column":3}},"type":"switch","locations":[{"start":{"line":3,"column":4},"end":{"line":4,"column":26}},{"start":{"line":5,"column":4},"end":{"line":6,"column":19}}],"line":2}},"s":{"0":2,"1":5,"2":1,"3":4},"f":{"0":5},"b":{"0":[4],"1":[1,4]},"_coverageSchema":"332fd63041d2c1bcb487cc26dd0d5f7d97098a6c","hash":"b0f5e9df428a583eb5c99ef08fe6b786e7c97135"}
,"/Users/whitneyburton/Documents/turing/mod3/trapper-keeper-project/trapper-keeper/src/reducers/statusReducer.js": {"path":"/Users/whitneyburton/Documents/turing/mod3/trapper-keeper-project/trapper-keeper/src/reducers/statusReducer.js","statementMap":{"0":{"start":{"line":1,"column":29},"end":{"line":8,"column":1}},"1":{"start":{"line":2,"column":2},"end":{"line":7,"column":3}},"2":{"start":{"line":4,"column":6},"end":{"line":4,"column":25}},"3":{"start":{"line":6,"column":6},"end":{"line":6,"column":19}}},"fnMap":{"0":{"name":"(anonymous_0)","decl":{"start":{"line":1,"column":29},"end":{"line":1,"column":30}},"loc":{"start":{"line":1,"column":52},"end":{"line":8,"column":1}},"line":1}},"branchMap":{"0":{"loc":{"start":{"line":1,"column":30},"end":{"line":1,"column":39}},"type":"default-arg","locations":[{"start":{"line":1,"column":38},"end":{"line":1,"column":39}}],"line":1},"1":{"loc":{"start":{"line":2,"column":2},"end":{"line":7,"column":3}},"type":"switch","locations":[{"start":{"line":3,"column":4},"end":{"line":4,"column":25}},{"start":{"line":5,"column":4},"end":{"line":6,"column":19}}],"line":2}},"s":{"0":2,"1":5,"2":1,"3":4},"f":{"0":5},"b":{"0":[4],"1":[1,4]},"_coverageSchema":"332fd63041d2c1bcb487cc26dd0d5f7d97098a6c","hash":"11ab56eb7031bedd74ea92a8a2bd70ad66671122"}
,"/Users/whitneyburton/Documents/turing/mod3/trapper-keeper-project/trapper-keeper/src/thunks/deleteNoteThunk.js": {"path":"/Users/whitneyburton/Documents/turing/mod3/trapper-keeper-project/trapper-keeper/src/thunks/deleteNoteThunk.js","statementMap":{"0":{"start":{"line":4,"column":31},"end":{"line":18,"column":1}},"1":{"start":{"line":5,"column":2},"end":{"line":17,"column":3}},"2":{"start":{"line":6,"column":16},"end":{"line":6,"column":58}},"3":{"start":{"line":7,"column":20},"end":{"line":7,"column":43}},"4":{"start":{"line":8,"column":4},"end":{"line":16,"column":5}},"5":{"start":{"line":9,"column":6},"end":{"line":9,"column":36}},"6":{"start":{"line":10,"column":23},"end":{"line":10,"column":52}},"7":{"start":{"line":11,"column":6},"end":{"line":11,"column":37}},"8":{"start":{"line":12,"column":6},"end":{"line":12,"column":43}},"9":{"start":{"line":13,"column":6},"end":{"line":13,"column":31}},"10":{"start":{"line":15,"column":6},"end":{"line":15,"column":40}}},"fnMap":{"0":{"name":"(anonymous_0)","decl":{"start":{"line":4,"column":31},"end":{"line":4,"column":32}},"loc":{"start":{"line":4,"column":39},"end":{"line":18,"column":1}},"line":4},"1":{"name":"(anonymous_1)","decl":{"start":{"line":5,"column":9},"end":{"line":5,"column":10}},"loc":{"start":{"line":5,"column":29},"end":{"line":17,"column":3}},"line":5}},"branchMap":{},"s":{"0":3,"1":5,"2":5,"3":5,"4":5,"5":5,"6":5,"7":4,"8":4,"9":4,"10":1},"f":{"0":5,"1":5},"b":{},"_coverageSchema":"332fd63041d2c1bcb487cc26dd0d5f7d97098a6c","hash":"8dcb6baec1adf12c3ced1d6cfe22f56885c058cf"}
,"/Users/whitneyburton/Documents/turing/mod3/trapper-keeper-project/trapper-keeper/src/thunks/fetchNotes.js": {"path":"/Users/whitneyburton/Documents/turing/mod3/trapper-keeper-project/trapper-keeper/src/thunks/fetchNotes.js","statementMap":{"0":{"start":{"line":4,"column":26},"end":{"line":15,"column":1}},"1":{"start":{"line":5,"column":2},"end":{"line":14,"column":3}},"2":{"start":{"line":6,"column":4},"end":{"line":13,"column":5}},"3":{"start":{"line":7,"column":6},"end":{"line":7,"column":36}},"4":{"start":{"line":8,"column":23},"end":{"line":8,"column":76}},"5":{"start":{"line":9,"column":6},"end":{"line":9,"column":37}},"6":{"start":{"line":10,"column":6},"end":{"line":10,"column":48}},"7":{"start":{"line":12,"column":6},"end":{"line":12,"column":40}}},"fnMap":{"0":{"name":"(anonymous_0)","decl":{"start":{"line":4,"column":26},"end":{"line":4,"column":27}},"loc":{"start":{"line":4,"column":32},"end":{"line":15,"column":1}},"line":4},"1":{"name":"(anonymous_1)","decl":{"start":{"line":5,"column":9},"end":{"line":5,"column":10}},"loc":{"start":{"line":5,"column":29},"end":{"line":14,"column":3}},"line":5}},"branchMap":{},"s":{"0":2,"1":1,"2":5,"3":5,"4":5,"5":4,"6":4,"7":1},"f":{"0":1,"1":5},"b":{},"_coverageSchema":"332fd63041d2c1bcb487cc26dd0d5f7d97098a6c","hash":"32fda497d929bb8ed43b823c8180d604507c2488"}
,"/Users/whitneyburton/Documents/turing/mod3/trapper-keeper-project/trapper-keeper/src/thunks/postNote.js": {"path":"/Users/whitneyburton/Documents/turing/mod3/trapper-keeper-project/trapper-keeper/src/thunks/postNote.js","statementMap":{"0":{"start":{"line":4,"column":24},"end":{"line":20,"column":1}},"1":{"start":{"line":5,"column":2},"end":{"line":19,"column":3}},"2":{"start":{"line":6,"column":40},"end":{"line":6,"column":44}},"3":{"start":{"line":7,"column":16},"end":{"line":7,"column":53}},"4":{"start":{"line":8,"column":20},"end":{"line":8,"column":70}},"5":{"start":{"line":9,"column":4},"end":{"line":18,"column":5}},"6":{"start":{"line":10,"column":6},"end":{"line":10,"column":36}},"7":{"start":{"line":11,"column":23},"end":{"line":11,"column":52}},"8":{"start":{"line":12,"column":19},"end":{"line":12,"column":40}},"9":{"start":{"line":13,"column":6},"end":{"line":13,"column":37}},"10":{"start":{"line":14,"column":6},"end":{"line":14,"column":30}},"11":{"start":{"line":15,"column":6},"end":{"line":15,"column":43}},"12":{"start":{"line":17,"column":6},"end":{"line":17,"column":40}}},"fnMap":{"0":{"name":"(anonymous_0)","decl":{"start":{"line":4,"column":24},"end":{"line":4,"column":25}},"loc":{"start":{"line":4,"column":34},"end":{"line":20,"column":1}},"line":4},"1":{"name":"(anonymous_1)","decl":{"start":{"line":5,"column":9},"end":{"line":5,"column":10}},"loc":{"start":{"line":5,"column":29},"end":{"line":19,"column":3}},"line":5}},"branchMap":{},"s":{"0":3,"1":1,"2":6,"3":6,"4":6,"5":6,"6":6,"7":6,"8":5,"9":5,"10":5,"11":5,"12":1},"f":{"0":1,"1":6},"b":{},"_coverageSchema":"332fd63041d2c1bcb487cc26dd0d5f7d97098a6c","hash":"e0e90afd5144fd92e2a5698fa02e6e006740ab26"}
,"/Users/whitneyburton/Documents/turing/mod3/trapper-keeper-project/trapper-keeper/src/thunks/putAllNotes.js": {"path":"/Users/whitneyburton/Documents/turing/mod3/trapper-keeper-project/trapper-keeper/src/thunks/putAllNotes.js","statementMap":{"0":{"start":{"line":4,"column":27},"end":{"line":18,"column":1}},"1":{"start":{"line":5,"column":2},"end":{"line":17,"column":3}},"2":{"start":{"line":6,"column":16},"end":{"line":6,"column":52}},"3":{"start":{"line":7,"column":20},"end":{"line":7,"column":51}},"4":{"start":{"line":8,"column":4},"end":{"line":16,"column":5}},"5":{"start":{"line":9,"column":6},"end":{"line":9,"column":36}},"6":{"start":{"line":10,"column":23},"end":{"line":10,"column":52}},"7":{"start":{"line":11,"column":6},"end":{"line":11,"column":37}},"8":{"start":{"line":12,"column":6},"end":{"line":12,"column":32}},"9":{"start":{"line":13,"column":6},"end":{"line":13,"column":43}},"10":{"start":{"line":15,"column":6},"end":{"line":15,"column":40}}},"fnMap":{"0":{"name":"(anonymous_0)","decl":{"start":{"line":4,"column":27},"end":{"line":4,"column":28}},"loc":{"start":{"line":4,"column":38},"end":{"line":18,"column":1}},"line":4},"1":{"name":"(anonymous_1)","decl":{"start":{"line":5,"column":9},"end":{"line":5,"column":10}},"loc":{"start":{"line":5,"column":29},"end":{"line":17,"column":3}},"line":5}},"branchMap":{},"s":{"0":4,"1":1,"2":6,"3":6,"4":6,"5":6,"6":6,"7":5,"8":5,"9":5,"10":1},"f":{"0":1,"1":6},"b":{},"_coverageSchema":"332fd63041d2c1bcb487cc26dd0d5f7d97098a6c","hash":"3ef88ef12af48904f94af0d0c2e350cf53198c55"}
,"/Users/whitneyburton/Documents/turing/mod3/trapper-keeper-project/trapper-keeper/src/thunks/putNote.js": {"path":"/Users/whitneyburton/Documents/turing/mod3/trapper-keeper-project/trapper-keeper/src/thunks/putNote.js","statementMap":{"0":{"start":{"line":4,"column":23},"end":{"line":19,"column":1}},"1":{"start":{"line":5,"column":2},"end":{"line":18,"column":3}},"2":{"start":{"line":6,"column":44},"end":{"line":6,"column":48}},"3":{"start":{"line":7,"column":16},"end":{"line":7,"column":58}},"4":{"start":{"line":8,"column":20},"end":{"line":8,"column":69}},"5":{"start":{"line":9,"column":4},"end":{"line":17,"column":5}},"6":{"start":{"line":10,"column":6},"end":{"line":10,"column":36}},"7":{"start":{"line":11,"column":23},"end":{"line":11,"column":52}},"8":{"start":{"line":12,"column":6},"end":{"line":12,"column":37}},"9":{"start":{"line":13,"column":6},"end":{"line":13,"column":33}},"10":{"start":{"line":14,"column":6},"end":{"line":14,"column":43}},"11":{"start":{"line":16,"column":6},"end":{"line":16,"column":40}}},"fnMap":{"0":{"name":"(anonymous_0)","decl":{"start":{"line":4,"column":23},"end":{"line":4,"column":24}},"loc":{"start":{"line":4,"column":33},"end":{"line":19,"column":1}},"line":4},"1":{"name":"(anonymous_1)","decl":{"start":{"line":5,"column":9},"end":{"line":5,"column":10}},"loc":{"start":{"line":5,"column":29},"end":{"line":18,"column":3}},"line":5}},"branchMap":{},"s":{"0":5,"1":1,"2":6,"3":6,"4":6,"5":6,"6":6,"7":6,"8":5,"9":5,"10":5,"11":1},"f":{"0":1,"1":6},"b":{},"_coverageSchema":"332fd63041d2c1bcb487cc26dd0d5f7d97098a6c","hash":"7899042f67ec530b6dfdbc594d59f19f9a60f44e"}
,"/Users/whitneyburton/Documents/turing/mod3/trapper-keeper-project/trapper-keeper/src/utils/api.js": {"path":"/Users/whitneyburton/Documents/turing/mod3/trapper-keeper-project/trapper-keeper/src/utils/api.js","statementMap":{"0":{"start":{"line":1,"column":25},"end":{"line":8,"column":1}},"1":{"start":{"line":2,"column":19},"end":{"line":2,"column":44}},"2":{"start":{"line":3,"column":2},"end":{"line":6,"column":3}},"3":{"start":{"line":4,"column":25},"end":{"line":4,"column":46}},"4":{"start":{"line":5,"column":4},"end":{"line":5,"column":34}},"5":{"start":{"line":7,"column":2},"end":{"line":7,"column":24}},"6":{"start":{"line":10,"column":29},"end":{"line":16,"column":2}},"7":{"start":{"line":10,"column":48},"end":{"line":16,"column":1}}},"fnMap":{"0":{"name":"(anonymous_0)","decl":{"start":{"line":1,"column":25},"end":{"line":1,"column":26}},"loc":{"start":{"line":1,"column":54},"end":{"line":8,"column":1}},"line":1},"1":{"name":"(anonymous_1)","decl":{"start":{"line":10,"column":29},"end":{"line":10,"column":30}},"loc":{"start":{"line":10,"column":48},"end":{"line":16,"column":1}},"line":10}},"branchMap":{"0":{"loc":{"start":{"line":1,"column":37},"end":{"line":1,"column":49}},"type":"default-arg","locations":[{"start":{"line":1,"column":47},"end":{"line":1,"column":49}}],"line":1},"1":{"loc":{"start":{"line":3,"column":2},"end":{"line":6,"column":3}},"type":"if","locations":[{"start":{"line":3,"column":2},"end":{"line":6,"column":3}},{"start":{"line":3,"column":2},"end":{"line":6,"column":3}}],"line":3}},"s":{"0":13,"1":4,"2":4,"3":1,"4":1,"5":3,"6":13,"7":6},"f":{"0":4,"1":6},"b":{"0":[1],"1":[1,3]},"_coverageSchema":"332fd63041d2c1bcb487cc26dd0d5f7d97098a6c","hash":"bcdb01f1c8ccda82561a2bd6a64540ae9e5f8992"}
}
