TN:
SF:/Users/whitneyburton/Documents/turing/mod3/trapper-keeper-project/trapper-keeper/src/actions/index.js
FN:1,(anonymous_0)
FN:6,(anonymous_1)
FN:11,(anonymous_2)
FN:16,(anonymous_3)
FN:21,(anonymous_4)
FN:26,(anonymous_5)
FN:31,(anonymous_6)
FN:36,(anonymous_7)
FNF:8
FNH:8
FNDA:13,(anonymous_0)
FNDA:8,(anonymous_1)
FNDA:8,(anonymous_2)
FNDA:7,(anonymous_3)
FNDA:63,(anonymous_4)
FNDA:12,(anonymous_5)
FNDA:29,(anonymous_6)
FNDA:4,(anonymous_7)
DA:1,21
DA:6,21
DA:11,21
DA:16,21
DA:21,63
DA:26,21
DA:31,29
DA:36,21
LF:8
LH:8
BRF:0
BRH:0
end_of_record
TN:
SF:/Users/whitneyburton/Documents/turing/mod3/trapper-keeper-project/trapper-keeper/src/components/CompleteItem/CompleteItem.js
FN:6,(anonymous_0)
FN:13,(anonymous_1)
FN:20,(anonymous_2)
FNF:3
FNH:3
FNDA:4,(anonymous_0)
FNDA:1,(anonymous_1)
FNDA:1,(anonymous_2)
DA:6,3
DA:7,4
DA:8,4
DA:13,1
DA:20,1
DA:27,3
LF:6
LH:6
BRF:0
BRH:0
end_of_record
TN:
SF:/Users/whitneyburton/Documents/turing/mod3/trapper-keeper-project/trapper-keeper/src/components/Error404/Error404.js
FN:4,(anonymous_0)
FNF:1
FNH:1
FNDA:2,(anonymous_0)
DA:4,2
DA:5,2
LF:2
LH:2
BRF:0
BRH:0
end_of_record
TN:
SF:/Users/whitneyburton/Documents/turing/mod3/trapper-keeper-project/trapper-keeper/src/components/IncompleteItem/IncompleteItem.js
FN:6,(anonymous_0)
FN:13,(anonymous_1)
FN:26,(anonymous_2)
FNF:3
FNH:3
FNDA:5,(anonymous_0)
FNDA:1,(anonymous_1)
FNDA:1,(anonymous_2)
DA:6,3
DA:7,5
DA:8,5
DA:13,1
DA:26,1
DA:33,3
LF:6
LH:6
BRF:0
BRH:0
end_of_record
TN:
SF:/Users/whitneyburton/Documents/turing/mod3/trapper-keeper-project/trapper-keeper/src/components/Loader/Loader.js
FN:3,(anonymous_0)
FNF:1
FNH:1
FNDA:1,(anonymous_0)
DA:3,2
DA:5,1
LF:2
LH:2
BRF:0
BRH:0
end_of_record
TN:
SF:/Users/whitneyburton/Documents/turing/mod3/trapper-keeper-project/trapper-keeper/src/containers/App/App.js
FN:14,(anonymous_0)
FN:18,(anonymous_1)
FN:21,(anonymous_2)
FN:30,(anonymous_3)
FN:37,(anonymous_4)
FN:59,(anonymous_5)
FN:65,(anonymous_6)
FN:66,(anonymous_7)
FNF:8
FNH:8
FNDA:9,(anonymous_0)
FNDA:2,(anonymous_1)
FNDA:5,(anonymous_2)
FNDA:1,(anonymous_3)
FNDA:8,(anonymous_4)
FNDA:1,(anonymous_5)
FNDA:1,(anonymous_6)
FNDA:1,(anonymous_7)
DA:15,9
DA:19,2
DA:20,2
DA:21,5
DA:22,2
DA:31,1
DA:38,8
DA:59,1
DA:65,1
DA:66,1
DA:71,1
LF:11
LH:11
BRDA:22,0,0,1
BRDA:22,0,1,1
BRDA:47,1,0,8
BRDA:47,1,1,1
BRF:4
BRH:4
end_of_record
TN:
SF:/Users/whitneyburton/Documents/turing/mod3/trapper-keeper-project/trapper-keeper/src/containers/NoteCard/NoteCard.js
FN:15,(anonymous_0)
FN:17,(anonymous_1)
FN:19,(anonymous_2)
FN:27,(anonymous_3)
FN:36,(anonymous_4)
FN:38,(anonymous_5)
FN:40,(anonymous_6)
FN:48,(anonymous_7)
FN:57,(anonymous_8)
FN:59,(anonymous_9)
FN:67,(anonymous_10)
FN:73,(anonymous_11)
FN:77,(anonymous_12)
FN:86,(anonymous_13)
FN:100,(anonymous_14)
FN:126,(anonymous_15)
FN:130,(anonymous_16)
FN:131,(anonymous_17)
FN:132,(anonymous_18)
FN:133,(anonymous_19)
FN:134,(anonymous_20)
FNF:21
FNH:21
FNDA:22,(anonymous_0)
FNDA:55,(anonymous_1)
FNDA:22,(anonymous_2)
FNDA:1,(anonymous_3)
FNDA:22,(anonymous_4)
FNDA:55,(anonymous_5)
FNDA:33,(anonymous_6)
FNDA:1,(anonymous_7)
FNDA:3,(anonymous_8)
FNDA:6,(anonymous_9)
FNDA:2,(anonymous_10)
FNDA:1,(anonymous_11)
FNDA:1,(anonymous_12)
FNDA:21,(anonymous_13)
FNDA:1,(anonymous_14)
FNDA:2,(anonymous_15)
FNDA:2,(anonymous_16)
FNDA:1,(anonymous_17)
FNDA:1,(anonymous_18)
FNDA:1,(anonymous_19)
FNDA:1,(anonymous_20)
DA:16,22
DA:17,55
DA:18,22
DA:20,22
DA:21,22
DA:27,1
DA:37,22
DA:38,55
DA:39,22
DA:41,33
DA:42,33
DA:48,1
DA:58,3
DA:59,3
DA:60,6
DA:61,6
DA:63,3
DA:64,3
DA:68,2
DA:69,2
DA:70,2
DA:74,1
DA:78,1
DA:79,1
DA:80,1
DA:81,1
DA:82,1
DA:83,1
DA:87,21
DA:88,21
DA:92,21
DA:93,1
DA:94,1
DA:96,21
DA:100,1
DA:126,3
DA:130,3
DA:131,1
DA:132,1
DA:133,1
DA:134,1
DA:139,3
LF:42
LH:42
BRDA:61,0,0,3
BRDA:61,0,1,3
BRDA:92,1,0,1
BRDA:92,1,1,20
BRF:4
BRH:4
end_of_record
TN:
SF:/Users/whitneyburton/Documents/turing/mod3/trapper-keeper-project/trapper-keeper/src/containers/NoteContainer/NoteContainer.js
FN:10,(anonymous_0)
FN:24,(anonymous_1)
FN:28,(anonymous_2)
FN:30,(anonymous_3)
FN:38,(anonymous_4)
FN:43,(anonymous_5)
FN:86,(anonymous_6)
FNF:7
FNH:7
FNDA:2,(anonymous_0)
FNDA:10,(anonymous_1)
FNDA:8,(anonymous_2)
FNDA:10,(anonymous_3)
FNDA:8,(anonymous_4)
FNDA:25,(anonymous_5)
FNDA:2,(anonymous_6)
DA:11,2
DA:21,2
DA:25,10
DA:26,10
DA:27,10
DA:28,2
DA:29,8
DA:31,10
DA:35,8
DA:39,8
DA:41,8
DA:43,8
DA:44,25
DA:47,8
DA:55,8
DA:57,8
DA:58,1
DA:59,1
DA:62,8
DA:86,2
DA:93,2
LF:21
LH:21
BRDA:27,0,0,2
BRDA:27,0,1,8
BRDA:29,1,0,8
BRDA:29,1,1,6
BRDA:55,2,0,1
BRDA:55,2,1,7
BRDA:57,3,0,1
BRDA:57,3,1,7
BRF:8
BRH:8
end_of_record
TN:
SF:/Users/whitneyburton/Documents/turing/mod3/trapper-keeper-project/trapper-keeper/src/containers/NoteForm/NoteForm.js
FN:15,(anonymous_0)
FN:26,(anonymous_1)
FN:35,(anonymous_2)
FN:40,(anonymous_3)
FN:46,(anonymous_4)
FN:47,(anonymous_5)
FN:52,(anonymous_6)
FN:54,(anonymous_7)
FN:55,(anonymous_8)
FN:70,(anonymous_9)
FN:72,(anonymous_10)
FN:73,(anonymous_11)
FN:86,(anonymous_12)
FN:96,(anonymous_13)
FN:101,(anonymous_14)
FN:106,(anonymous_15)
FN:109,(anonymous_16)
FN:119,(anonymous_17)
FN:125,(anonymous_18)
FN:127,(anonymous_19)
FN:134,(anonymous_20)
FN:136,(anonymous_21)
FN:140,(anonymous_22)
FN:144,(anonymous_23)
FN:150,(anonymous_24)
FN:161,(anonymous_25)
FN:166,(anonymous_26)
FN:171,(anonymous_27)
FN:211,(anonymous_28)
FN:215,(anonymous_29)
FN:216,(anonymous_30)
FN:217,(anonymous_31)
FN:218,(anonymous_32)
FN:219,(anonymous_33)
FNF:34
FNH:34
FNDA:57,(anonymous_0)
FNDA:57,(anonymous_1)
FNDA:1,(anonymous_2)
FNDA:2,(anonymous_3)
FNDA:2,(anonymous_4)
FNDA:4,(anonymous_5)
FNDA:97,(anonymous_6)
FNDA:79,(anonymous_7)
FNDA:40,(anonymous_8)
FNDA:97,(anonymous_9)
FNDA:79,(anonymous_10)
FNDA:39,(anonymous_11)
FNDA:97,(anonymous_12)
FNDA:97,(anonymous_13)
FNDA:1,(anonymous_14)
FNDA:2,(anonymous_15)
FNDA:3,(anonymous_16)
FNDA:1,(anonymous_17)
FNDA:1,(anonymous_18)
FNDA:2,(anonymous_19)
FNDA:1,(anonymous_20)
FNDA:2,(anonymous_21)
FNDA:1,(anonymous_22)
FNDA:1,(anonymous_23)
FNDA:2,(anonymous_24)
FNDA:1,(anonymous_25)
FNDA:96,(anonymous_26)
FNDA:768,(anonymous_27)
FNDA:1,(anonymous_28)
FNDA:4,(anonymous_29)
FNDA:1,(anonymous_30)
FNDA:1,(anonymous_31)
FNDA:1,(anonymous_32)
FNDA:1,(anonymous_33)
DA:16,57
DA:17,57
DA:27,57
DA:28,57
DA:29,57
DA:30,57
DA:31,29
DA:36,1
DA:37,1
DA:40,2
DA:47,2
DA:48,4
DA:53,97
DA:54,97
DA:55,97
DA:56,40
DA:71,97
DA:72,97
DA:73,97
DA:74,39
DA:87,97
DA:97,97
DA:101,1
DA:107,2
DA:108,2
DA:109,3
DA:111,2
DA:112,1
DA:114,1
DA:116,2
DA:120,1
DA:121,1
DA:122,1
DA:126,1
DA:127,1
DA:128,2
DA:129,2
DA:131,1
DA:135,1
DA:136,2
DA:137,1
DA:141,1
DA:145,1
DA:146,1
DA:147,1
DA:151,2
DA:152,2
DA:153,2
DA:154,2
DA:155,1
DA:157,1
DA:162,1
DA:163,1
DA:167,96
DA:168,96
DA:169,96
DA:170,96
DA:171,96
DA:172,768
DA:175,96
DA:211,2
DA:215,4
DA:216,1
DA:217,1
DA:218,1
DA:219,1
DA:224,2
LF:67
LH:67
BRDA:30,0,0,29
BRDA:30,0,1,28
BRDA:48,1,0,2
BRDA:48,1,1,2
BRDA:111,2,0,1
BRDA:111,2,1,1
BRDA:129,3,0,1
BRDA:129,3,1,1
BRDA:141,4,0,1
BRDA:141,4,1,1
BRDA:154,5,0,1
BRDA:154,5,1,1
BRDA:189,6,0,66
BRDA:189,6,1,30
BRDA:196,7,0,96
BRDA:196,7,1,1
BRDA:204,8,0,96
BRDA:204,8,1,2
BRDA:204,8,2,2
BRF:19
BRH:19
end_of_record
TN:
SF:/Users/whitneyburton/Documents/turing/mod3/trapper-keeper-project/trapper-keeper/src/containers/SearchBar/SearchBar.js
FN:7,(anonymous_0)
FN:13,(anonymous_1)
FN:23,(anonymous_2)
FN:24,(anonymous_3)
FNF:4
FNH:4
FNDA:1,(anonymous_0)
FNDA:3,(anonymous_1)
FNDA:2,(anonymous_2)
FNDA:1,(anonymous_3)
DA:8,1
DA:9,1
DA:10,1
DA:14,3
DA:23,2
DA:24,1
DA:29,2
LF:7
LH:7
BRF:0
BRH:0
end_of_record
TN:
SF:/Users/whitneyburton/Documents/turing/mod3/trapper-keeper-project/trapper-keeper/src/reducers/errorReducer.js
FN:1,(anonymous_0)
FNF:1
FNH:1
FNDA:5,(anonymous_0)
DA:1,2
DA:2,5
DA:4,1
DA:6,4
LF:4
LH:4
BRDA:1,0,0,4
BRDA:2,1,0,1
BRDA:2,1,1,4
BRF:3
BRH:3
end_of_record
TN:
SF:/Users/whitneyburton/Documents/turing/mod3/trapper-keeper-project/trapper-keeper/src/reducers/isLoadingReducer.js
FN:1,(anonymous_0)
FNF:1
FNH:1
FNDA:5,(anonymous_0)
DA:1,2
DA:2,5
DA:4,1
DA:6,4
LF:4
LH:4
BRDA:1,0,0,5
BRDA:2,1,0,1
BRDA:2,1,1,4
BRF:3
BRH:3
end_of_record
TN:
SF:/Users/whitneyburton/Documents/turing/mod3/trapper-keeper-project/trapper-keeper/src/reducers/notesReducer.js
FN:1,(anonymous_0)
FN:8,(anonymous_1)
FN:13,(anonymous_2)
FNF:3
FNH:3
FNDA:8,(anonymous_0)
FNDA:4,(anonymous_1)
FNDA:4,(anonymous_2)
DA:1,2
DA:2,8
DA:4,1
DA:6,1
DA:8,1
DA:9,4
DA:10,4
DA:13,4
DA:15,4
LF:9
LH:9
BRDA:1,0,0,5
BRDA:2,1,0,1
BRDA:2,1,1,1
BRDA:2,1,2,1
BRDA:2,1,3,1
BRDA:2,1,4,4
BRDA:10,2,0,1
BRDA:10,2,1,3
BRF:8
BRH:8
end_of_record
TN:
SF:/Users/whitneyburton/Documents/turing/mod3/trapper-keeper-project/trapper-keeper/src/reducers/queryReducer.js
FN:1,(anonymous_0)
FNF:1
FNH:1
FNDA:5,(anonymous_0)
DA:1,2
DA:2,5
DA:4,1
DA:6,4
LF:4
LH:4
BRDA:1,0,0,4
BRDA:2,1,0,1
BRDA:2,1,1,4
BRF:3
BRH:3
end_of_record
TN:
SF:/Users/whitneyburton/Documents/turing/mod3/trapper-keeper-project/trapper-keeper/src/reducers/statusReducer.js
FN:1,(anonymous_0)
FNF:1
FNH:1
FNDA:5,(anonymous_0)
DA:1,2
DA:2,5
DA:4,1
DA:6,4
LF:4
LH:4
BRDA:1,0,0,4
BRDA:2,1,0,1
BRDA:2,1,1,4
BRF:3
BRH:3
end_of_record
TN:
SF:/Users/whitneyburton/Documents/turing/mod3/trapper-keeper-project/trapper-keeper/src/thunks/deleteNoteThunk.js
FN:4,(anonymous_0)
FN:5,(anonymous_1)
FNF:2
FNH:2
FNDA:5,(anonymous_0)
FNDA:5,(anonymous_1)
DA:4,3
DA:5,5
DA:6,5
DA:7,5
DA:8,5
DA:9,5
DA:10,5
DA:11,4
DA:12,4
DA:13,4
DA:15,1
LF:11
LH:11
BRF:0
BRH:0
end_of_record
TN:
SF:/Users/whitneyburton/Documents/turing/mod3/trapper-keeper-project/trapper-keeper/src/thunks/fetchNotes.js
FN:4,(anonymous_0)
FN:5,(anonymous_1)
FNF:2
FNH:2
FNDA:1,(anonymous_0)
FNDA:5,(anonymous_1)
DA:4,2
DA:5,1
DA:6,5
DA:7,5
DA:8,5
DA:9,4
DA:10,4
DA:12,1
LF:8
LH:8
BRF:0
BRH:0
end_of_record
TN:
SF:/Users/whitneyburton/Documents/turing/mod3/trapper-keeper-project/trapper-keeper/src/thunks/postNote.js
FN:4,(anonymous_0)
FN:5,(anonymous_1)
FNF:2
FNH:2
FNDA:1,(anonymous_0)
FNDA:6,(anonymous_1)
DA:4,3
DA:5,1
DA:6,6
DA:7,6
DA:8,6
DA:9,6
DA:10,6
DA:11,6
DA:12,5
DA:13,5
DA:14,5
DA:15,5
DA:17,1
LF:13
LH:13
BRF:0
BRH:0
end_of_record
TN:
SF:/Users/whitneyburton/Documents/turing/mod3/trapper-keeper-project/trapper-keeper/src/thunks/putAllNotes.js
FN:4,(anonymous_0)
FN:5,(anonymous_1)
FNF:2
FNH:2
FNDA:1,(anonymous_0)
FNDA:6,(anonymous_1)
DA:4,4
DA:5,1
DA:6,6
DA:7,6
DA:8,6
DA:9,6
DA:10,6
DA:11,5
DA:12,5
DA:13,5
DA:15,1
LF:11
LH:11
BRF:0
BRH:0
end_of_record
TN:
SF:/Users/whitneyburton/Documents/turing/mod3/trapper-keeper-project/trapper-keeper/src/thunks/putNote.js
FN:4,(anonymous_0)
FN:5,(anonymous_1)
FNF:2
FNH:2
FNDA:1,(anonymous_0)
FNDA:6,(anonymous_1)
DA:4,5
DA:5,1
DA:6,6
DA:7,6
DA:8,6
DA:9,6
DA:10,6
DA:11,6
DA:12,5
DA:13,5
DA:14,5
DA:16,1
LF:12
LH:12
BRF:0
BRH:0
end_of_record
TN:
SF:/Users/whitneyburton/Documents/turing/mod3/trapper-keeper-project/trapper-keeper/src/utils/api.js
FN:1,(anonymous_0)
FN:10,(anonymous_1)
FNF:2
FNH:2
FNDA:4,(anonymous_0)
FNDA:6,(anonymous_1)
DA:1,13
DA:2,4
DA:3,4
DA:4,1
DA:5,1
DA:7,3
DA:10,13
LF:7
LH:7
BRDA:1,0,0,1
BRDA:3,1,0,1
BRDA:3,1,1,3
BRF:3
BRH:3
end_of_record
